#
# There is insufficient memory for the Java Runtime Environment to continue.
# Native memory allocation (mmap) failed to map 1371537408 bytes for G1 virtual space
# Possible reasons:
#   The system is out of physical RAM or swap space
#   The process is running with CompressedOops enabled, and the Java Heap may be blocking the growth of the native heap
# Possible solutions:
#   Reduce memory load on the system
#   Increase physical memory or swap space
#   Check if swap backing store is full
#   Decrease Java heap size (-Xmx/-Xms)
#   Decrease number of Java threads
#   Decrease Java thread stack sizes (-Xss)
#   Set larger code cache with -XX:ReservedCodeCacheSize=
#   JVM is running with Zero Based Compressed Oops mode in which the Java heap is
#     placed in the first 32GB address space. The Java Heap base address is the
#     maximum limit for the native heap growth. Please use -XX:HeapBaseMinAddress
#     to set the Java Heap base and to place the Java Heap above 32GB virtual address.
# This output file may be truncated or incomplete.
#
#  Out of Memory Error (os_windows.cpp:3548), pid=30940, tid=23536
#
# JRE version: OpenJDK Runtime Environment Temurin-17.0.5+8 (17.0.5+8) (build 17.0.5+8)
# Java VM: OpenJDK 64-Bit Server VM Temurin-17.0.5+8 (17.0.5+8, mixed mode, sharing, tiered, compressed oops, compressed class ptrs, g1 gc, windows-amd64)
# No core dump will be written. Minidumps are not enabled by default on client versions of Windows
#

---------------  S U M M A R Y ------------

Command Line: -Dfile.encoding=UTF-8 -XX:+ShowCodeDetailsInExceptionMessages Main

Host: Intel(R) Core(TM) i7-10610U CPU @ 1.80GHz, 8 cores, 15G,  Windows 10 , 64 bit Build 19041 (10.0.19041.804)
Time: Sun May  7 23:42:02 2023 Hora oficial do Brasil elapsed time: 158.932477 seconds (0d 0h 2m 38s)

---------------  T H R E A D  ---------------

Current thread (0x00000296ea844600):  VMThread "VM Thread" [stack: 0x0000009813000000,0x0000009813100000] [id=23536]

Stack: [0x0000009813000000,0x0000009813100000]
Native frames: (J=compiled Java code, j=interpreted, Vv=VM code, C=native code)
V  [jvm.dll+0x676b3a]
V  [jvm.dll+0x831444]
V  [jvm.dll+0x832bee]
V  [jvm.dll+0x833253]
V  [jvm.dll+0x244ce5]
V  [jvm.dll+0x673a49]
V  [jvm.dll+0x66811a]
V  [jvm.dll+0x303ceb]
V  [jvm.dll+0x30b1e6]
V  [jvm.dll+0x35adbe]
V  [jvm.dll+0x35afef]
V  [jvm.dll+0x2dab88]
V  [jvm.dll+0x2d8e3c]
V  [jvm.dll+0x2d840c]
V  [jvm.dll+0x31c31b]
V  [jvm.dll+0x8376fb]
V  [jvm.dll+0x838434]
V  [jvm.dll+0x83894c]
V  [jvm.dll+0x838d24]
V  [jvm.dll+0x838df0]
V  [jvm.dll+0x7e17ea]
V  [jvm.dll+0x6759e5]
C  [ucrtbase.dll+0x21bb2]
C  [KERNEL32.DLL+0x17034]
C  [ntdll.dll+0x4d241]

VM_Operation (0x0000009812aff3b0): G1CollectForAllocation, mode: safepoint, requested by thread 0x00000296c5a969a0


---------------  P R O C E S S  ---------------

Threads class SMR info:
_java_thread_list=0x00000296eb47a0a0, length=19, elements={
0x00000296c5a969a0, 0x00000296ea8490a0, 0x00000296ea849c50, 0x00000296ea85e450,
0x00000296ea860f10, 0x00000296ea869cd0, 0x00000296ea8700b0, 0x00000296ea874460,
0x00000296ea875f10, 0x00000296eb410060, 0x00000296ea870580, 0x00000296ea86fbe0,
0x00000296ea8713f0, 0x00000296ea872c00, 0x00000296ea8730d0, 0x00000296ea871d90,
0x00000296ec58aa10, 0x00000296ec513cc0, 0x00000296eb6ec320
}

Java Threads: ( => current thread )
  0x00000296c5a969a0 JavaThread "main" [_thread_blocked, id=30384, stack(0x0000009812a00000,0x0000009812b00000)]
  0x00000296ea8490a0 JavaThread "Reference Handler" daemon [_thread_blocked, id=30124, stack(0x0000009813100000,0x0000009813200000)]
  0x00000296ea849c50 JavaThread "Finalizer" daemon [_thread_blocked, id=5420, stack(0x0000009813200000,0x0000009813300000)]
  0x00000296ea85e450 JavaThread "Signal Dispatcher" daemon [_thread_blocked, id=13476, stack(0x0000009813300000,0x0000009813400000)]
  0x00000296ea860f10 JavaThread "Attach Listener" daemon [_thread_blocked, id=29644, stack(0x0000009813400000,0x0000009813500000)]
  0x00000296ea869cd0 JavaThread "Service Thread" daemon [_thread_blocked, id=17984, stack(0x0000009813500000,0x0000009813600000)]
  0x00000296ea8700b0 JavaThread "Monitor Deflation Thread" daemon [_thread_blocked, id=16420, stack(0x0000009813600000,0x0000009813700000)]
  0x00000296ea874460 JavaThread "C2 CompilerThread0" daemon [_thread_blocked, id=33012, stack(0x0000009813700000,0x0000009813800000)]
  0x00000296ea875f10 JavaThread "C1 CompilerThread0" daemon [_thread_blocked, id=31976, stack(0x0000009813800000,0x0000009813900000)]
  0x00000296eb410060 JavaThread "Sweeper thread" daemon [_thread_blocked, id=36396, stack(0x0000009813900000,0x0000009813a00000)]
  0x00000296ea870580 JavaThread "Notification Thread" daemon [_thread_blocked, id=30144, stack(0x0000009813a00000,0x0000009813b00000)]
  0x00000296ea86fbe0 JavaThread "Common-Cleaner" daemon [_thread_blocked, id=21848, stack(0x0000009813c00000,0x0000009813d00000)]
  0x00000296ea8713f0 JavaThread "Java2D Disposer" daemon [_thread_blocked, id=34488, stack(0x0000009813d00000,0x0000009813e00000)]
  0x00000296ea872c00 JavaThread "AWT-Shutdown" [_thread_blocked, id=788, stack(0x0000009813e00000,0x0000009813f00000)]
  0x00000296ea8730d0 JavaThread "AWT-Windows" daemon [_thread_in_native, id=10508, stack(0x0000009813f00000,0x0000009814000000)]
  0x00000296ea871d90 JavaThread "AWT-EventQueue-0" [_thread_blocked, id=14708, stack(0x0000009814100000,0x0000009814200000)]
  0x00000296ec58aa10 JavaThread "TimerQueue" daemon [_thread_blocked, id=18044, stack(0x0000009814500000,0x0000009814600000)]
  0x00000296ec513cc0 JavaThread "C2 CompilerThread1" daemon [_thread_blocked, id=14848, stack(0x0000009812700000,0x0000009812800000)]
  0x00000296eb6ec320 JavaThread "C2 CompilerThread2" daemon [_thread_blocked, id=35248, stack(0x0000009812800000,0x0000009812900000)]

Other Threads:
=>0x00000296ea844600 VMThread "VM Thread" [stack: 0x0000009813000000,0x0000009813100000] [id=23536]
  0x00000296eb549070 WatcherThread [stack: 0x0000009813b00000,0x0000009813c00000] [id=32260]
  0x00000296c5b05b70 GCTaskThread "GC Thread#0" [stack: 0x0000009812b00000,0x0000009812c00000] [id=19768]
  0x00000296ec328810 GCTaskThread "GC Thread#1" [stack: 0x0000009812900000,0x0000009812a00000] [id=32048]
  0x00000296ec5268a0 GCTaskThread "GC Thread#2" [stack: 0x0000009814000000,0x0000009814100000] [id=36556]
  0x00000296eb6ee840 GCTaskThread "GC Thread#3" [stack: 0x0000009814200000,0x0000009814300000] [id=20772]
  0x00000296eb6eeaf0 GCTaskThread "GC Thread#4" [stack: 0x0000009814300000,0x0000009814400000] [id=29392]
  0x00000296eb486af0 GCTaskThread "GC Thread#5" [stack: 0x0000009814400000,0x0000009814500000] [id=884]
  0x00000296eb487dc0 GCTaskThread "GC Thread#6" [stack: 0x0000009814600000,0x0000009814700000] [id=28136]
  0x00000296eb488070 GCTaskThread "GC Thread#7" [stack: 0x0000009814f00000,0x0000009815000000] [id=14648]
  0x00000296c5b16de0 ConcurrentGCThread "G1 Main Marker" [stack: 0x0000009812c00000,0x0000009812d00000] [id=18952]
  0x00000296c5b177f0 ConcurrentGCThread "G1 Conc#0" [stack: 0x0000009812d00000,0x0000009812e00000] [id=15428]
  0x00000296eb487b10 ConcurrentGCThread "G1 Conc#1" [stack: 0x0000009814e00000,0x0000009814f00000] [id=19660]
  0x00000296c5b6ca20 ConcurrentGCThread "G1 Refine#0" [stack: 0x0000009812e00000,0x0000009812f00000] [id=36560]
  0x00000296eb464270 ConcurrentGCThread "G1 Refine#1" [stack: 0x0000009814700000,0x0000009814800000] [id=10752]
  0x00000296eb488550 ConcurrentGCThread "G1 Refine#2" [stack: 0x0000009814800000,0x0000009814900000] [id=19292]
  0x00000296ec4f7f10 ConcurrentGCThread "G1 Refine#3" [stack: 0x0000009814900000,0x0000009814a00000] [id=33664]
  0x00000296eb58c790 ConcurrentGCThread "G1 Refine#4" [stack: 0x0000009814a00000,0x0000009814b00000] [id=17256]
  0x00000296eb58e4a0 ConcurrentGCThread "G1 Refine#5" [stack: 0x0000009814b00000,0x0000009814c00000] [id=13564]
  0x00000296ec383f90 ConcurrentGCThread "G1 Refine#6" [stack: 0x0000009814c00000,0x0000009814d00000] [id=15136]
  0x00000296ec3852a0 ConcurrentGCThread "G1 Refine#7" [stack: 0x0000009814d00000,0x0000009814e00000] [id=35776]
  0x00000296c5b6e2f0 ConcurrentGCThread "G1 Service" [stack: 0x0000009812f00000,0x0000009813000000] [id=7280]

Threads with active compile tasks:

VM state: at safepoint (normal execution)

VM Mutex/Monitor currently owned by a thread:  ([mutex/lock_event])
[0x00000296c594c1a0] Threads_lock - owner thread: 0x00000296ea844600
[0x00000296c594c230] Heap_lock - owner thread: 0x00000296c5a969a0

Heap address: 0x0000000704600000, size: 4026 MB, Compressed Oops mode: Zero based, Oop shift amount: 3

CDS archive(s) mapped at: [0x0000000800000000-0x0000000800bc0000-0x0000000800bc0000), size 12320768, SharedBaseAddress: 0x0000000800000000, ArchiveRelocationMode: 0.
Compressed class space mapped at: 0x0000000800c00000-0x0000000840c00000, reserved size: 1073741824
Narrow klass base: 0x0000000800000000, Narrow klass shift: 0, Narrow klass range: 0x100000000

GC Precious Log:
 CPUs: 8 total, 8 available
 Memory: 16102M
 Large Page Support: Disabled
 NUMA Support: Disabled
 Compressed Oops: Enabled (Zero based)
 Heap Region Size: 2M
 Heap Min Capacity: 8M
 Heap Initial Capacity: 252M
 Heap Max Capacity: 4026M
 Pre-touch: Disabled
 Parallel Workers: 8
 Concurrent Workers: 2
 Concurrent Refinement Workers: 8
 Periodic GC: Disabled

Heap:
 garbage-first heap   total 774144K, used 546816K [0x0000000704600000, 0x0000000800000000)
  region size 2048K, 5 young (10240K), 5 survivors (10240K)
 Metaspace       used 8649K, committed 8832K, reserved 1056768K
  class space    used 1009K, committed 1088K, reserved 1048576K

Heap Regions: E=young(eden), S=young(survivor), O=old, HS=humongous(starts), HC=humongous(continues), CS=collection set, F=free, OA=open archive, CA=closed archive, TAMS=top-at-mark-start (previous, next)
|   0|0x0000000704600000, 0x0000000704800000, 0x0000000704800000|100%| O|  |TAMS 0x0000000704800000, 0x0000000704800000| Untracked 
|   1|0x0000000704800000, 0x0000000704a00000, 0x0000000704a00000|100%| O|  |TAMS 0x0000000704a00000, 0x0000000704a00000| Untracked 
|   2|0x0000000704a00000, 0x0000000704c00000, 0x0000000704c00000|100%| O|  |TAMS 0x0000000704a00000, 0x0000000704c00000| Untracked 
|   3|0x0000000704c00000, 0x0000000704e00000, 0x0000000704e00000|100%| O|  |TAMS 0x0000000704e00000, 0x0000000704e00000| Untracked 
|   4|0x0000000704e00000, 0x0000000705000000, 0x0000000705000000|100%| O|  |TAMS 0x0000000705000000, 0x0000000705000000| Untracked 
|   5|0x0000000705000000, 0x0000000705200000, 0x0000000705200000|100%| O|  |TAMS 0x0000000705200000, 0x0000000705200000| Untracked 
|   6|0x0000000705200000, 0x0000000705400000, 0x0000000705400000|100%| O|  |TAMS 0x0000000705400000, 0x0000000705400000| Untracked 
|   7|0x0000000705400000, 0x0000000705600000, 0x0000000705600000|100%| O|  |TAMS 0x0000000705400000, 0x0000000705600000| Untracked 
|   8|0x0000000705600000, 0x0000000705800000, 0x0000000705800000|100%| O|  |TAMS 0x0000000705600000, 0x0000000705800000| Untracked 
|   9|0x0000000705800000, 0x0000000705a00000, 0x0000000705a00000|100%| O|  |TAMS 0x0000000705800000, 0x0000000705a00000| Untracked 
|  10|0x0000000705a00000, 0x0000000705c00000, 0x0000000705c00000|100%| O|  |TAMS 0x0000000705a00000, 0x0000000705c00000| Untracked 
|  11|0x0000000705c00000, 0x0000000705e00000, 0x0000000705e00000|100%| O|  |TAMS 0x0000000705c00000, 0x0000000705e00000| Untracked 
|  12|0x0000000705e00000, 0x0000000706000000, 0x0000000706000000|100%| O|  |TAMS 0x0000000705e00000, 0x0000000706000000| Untracked 
|  13|0x0000000706000000, 0x0000000706200000, 0x0000000706200000|100%| O|  |TAMS 0x0000000706000000, 0x0000000706200000| Untracked 
|  14|0x0000000706200000, 0x0000000706400000, 0x0000000706400000|100%| O|  |TAMS 0x0000000706400000, 0x0000000706400000| Untracked 
|  15|0x0000000706400000, 0x0000000706600000, 0x0000000706600000|100%| O|  |TAMS 0x0000000706600000, 0x0000000706600000| Untracked 
|  16|0x0000000706600000, 0x0000000706800000, 0x0000000706800000|100%| O|  |TAMS 0x0000000706800000, 0x0000000706800000| Untracked 
|  17|0x0000000706800000, 0x0000000706a00000, 0x0000000706a00000|100%| O|  |TAMS 0x0000000706a00000, 0x0000000706a00000| Untracked 
|  18|0x0000000706a00000, 0x0000000706c00000, 0x0000000706c00000|100%| O|  |TAMS 0x0000000706c00000, 0x0000000706c00000| Untracked 
|  19|0x0000000706c00000, 0x0000000706e00000, 0x0000000706e00000|100%| O|  |TAMS 0x0000000706e00000, 0x0000000706e00000| Untracked 
|  20|0x0000000706e00000, 0x0000000707000000, 0x0000000707000000|100%| O|  |TAMS 0x0000000707000000, 0x0000000707000000| Untracked 
|  21|0x0000000707000000, 0x0000000707200000, 0x0000000707200000|100%| O|  |TAMS 0x0000000707200000, 0x0000000707200000| Untracked 
|  22|0x0000000707200000, 0x0000000707400000, 0x0000000707400000|100%| O|  |TAMS 0x0000000707400000, 0x0000000707400000| Untracked 
|  23|0x0000000707400000, 0x0000000707600000, 0x0000000707600000|100%| O|  |TAMS 0x0000000707600000, 0x0000000707600000| Untracked 
|  24|0x0000000707600000, 0x0000000707800000, 0x0000000707800000|100%| O|  |TAMS 0x0000000707800000, 0x0000000707800000| Untracked 
|  25|0x0000000707800000, 0x0000000707a00000, 0x0000000707a00000|100%| O|  |TAMS 0x0000000707a00000, 0x0000000707a00000| Untracked 
|  26|0x0000000707a00000, 0x0000000707c00000, 0x0000000707c00000|100%| O|  |TAMS 0x0000000707c00000, 0x0000000707c00000| Untracked 
|  27|0x0000000707c00000, 0x0000000707e00000, 0x0000000707e00000|100%| O|  |TAMS 0x0000000707e00000, 0x0000000707e00000| Untracked 
|  28|0x0000000707e00000, 0x0000000708000000, 0x0000000708000000|100%| O|  |TAMS 0x0000000708000000, 0x0000000708000000| Untracked 
|  29|0x0000000708000000, 0x0000000708200000, 0x0000000708200000|100%| O|  |TAMS 0x0000000708200000, 0x0000000708200000| Untracked 
|  30|0x0000000708200000, 0x0000000708400000, 0x0000000708400000|100%| O|  |TAMS 0x0000000708400000, 0x0000000708400000| Untracked 
|  31|0x0000000708400000, 0x0000000708600000, 0x0000000708600000|100%| O|  |TAMS 0x0000000708400000, 0x0000000708600000| Untracked 
|  32|0x0000000708600000, 0x0000000708800000, 0x0000000708800000|100%| O|  |TAMS 0x0000000708600000, 0x0000000708800000| Untracked 
|  33|0x0000000708800000, 0x0000000708a00000, 0x0000000708a00000|100%| O|  |TAMS 0x0000000708800000, 0x0000000708a00000| Untracked 
|  34|0x0000000708a00000, 0x0000000708c00000, 0x0000000708c00000|100%| O|  |TAMS 0x0000000708a00000, 0x0000000708c00000| Untracked 
|  35|0x0000000708c00000, 0x0000000708e00000, 0x0000000708e00000|100%| O|  |TAMS 0x0000000708e00000, 0x0000000708e00000| Untracked 
|  36|0x0000000708e00000, 0x0000000709000000, 0x0000000709000000|100%| O|  |TAMS 0x0000000709000000, 0x0000000709000000| Untracked 
|  37|0x0000000709000000, 0x0000000709200000, 0x0000000709200000|100%| O|  |TAMS 0x0000000709200000, 0x0000000709200000| Untracked 
|  38|0x0000000709200000, 0x0000000709400000, 0x0000000709400000|100%| O|  |TAMS 0x0000000709400000, 0x0000000709400000| Untracked 
|  39|0x0000000709400000, 0x0000000709600000, 0x0000000709600000|100%| O|  |TAMS 0x0000000709600000, 0x0000000709600000| Untracked 
|  40|0x0000000709600000, 0x0000000709800000, 0x0000000709800000|100%| O|  |TAMS 0x0000000709800000, 0x0000000709800000| Untracked 
|  41|0x0000000709800000, 0x0000000709a00000, 0x0000000709a00000|100%| O|  |TAMS 0x0000000709a00000, 0x0000000709a00000| Untracked 
|  42|0x0000000709a00000, 0x0000000709c00000, 0x0000000709c00000|100%| O|  |TAMS 0x0000000709c00000, 0x0000000709c00000| Untracked 
|  43|0x0000000709c00000, 0x0000000709e00000, 0x0000000709e00000|100%| O|  |TAMS 0x0000000709e00000, 0x0000000709e00000| Untracked 
|  44|0x0000000709e00000, 0x000000070a000000, 0x000000070a000000|100%| O|  |TAMS 0x000000070a000000, 0x000000070a000000| Untracked 
|  45|0x000000070a000000, 0x000000070a200000, 0x000000070a200000|100%| O|  |TAMS 0x000000070a200000, 0x000000070a200000| Untracked 
|  46|0x000000070a200000, 0x000000070a400000, 0x000000070a400000|100%| O|  |TAMS 0x000000070a400000, 0x000000070a400000| Untracked 
|  47|0x000000070a400000, 0x000000070a600000, 0x000000070a600000|100%| O|  |TAMS 0x000000070a600000, 0x000000070a600000| Untracked 
|  48|0x000000070a600000, 0x000000070a800000, 0x000000070a800000|100%| O|  |TAMS 0x000000070a800000, 0x000000070a800000| Untracked 
|  49|0x000000070a800000, 0x000000070aa00000, 0x000000070aa00000|100%|HS|  |TAMS 0x000000070aa00000, 0x000000070aa00000| Complete 
|  50|0x000000070aa00000, 0x000000070ac00000, 0x000000070ac00000|100%|HC|  |TAMS 0x000000070ac00000, 0x000000070ac00000| Complete 
|  51|0x000000070ac00000, 0x000000070ae00000, 0x000000070ae00000|100%|HC|  |TAMS 0x000000070ae00000, 0x000000070ae00000| Complete 
|  52|0x000000070ae00000, 0x000000070b000000, 0x000000070b000000|100%|HC|  |TAMS 0x000000070b000000, 0x000000070b000000| Complete 
|  53|0x000000070b000000, 0x000000070b200000, 0x000000070b200000|100%|HC|  |TAMS 0x000000070b200000, 0x000000070b200000| Complete 
|  54|0x000000070b200000, 0x000000070b400000, 0x000000070b400000|100%|HC|  |TAMS 0x000000070b400000, 0x000000070b400000| Complete 
|  55|0x000000070b400000, 0x000000070b600000, 0x000000070b600000|100%| O|  |TAMS 0x000000070b600000, 0x000000070b600000| Untracked 
|  56|0x000000070b600000, 0x000000070b800000, 0x000000070b800000|100%| O|  |TAMS 0x000000070b800000, 0x000000070b800000| Untracked 
|  57|0x000000070b800000, 0x000000070ba00000, 0x000000070ba00000|100%| O|  |TAMS 0x000000070ba00000, 0x000000070ba00000| Untracked 
|  58|0x000000070ba00000, 0x000000070bc00000, 0x000000070bc00000|100%| O|  |TAMS 0x000000070bc00000, 0x000000070bc00000| Untracked 
|  59|0x000000070bc00000, 0x000000070be00000, 0x000000070be00000|100%| O|  |TAMS 0x000000070be00000, 0x000000070be00000| Untracked 
|  60|0x000000070be00000, 0x000000070c000000, 0x000000070c000000|100%| O|  |TAMS 0x000000070c000000, 0x000000070c000000| Untracked 
|  61|0x000000070c000000, 0x000000070c200000, 0x000000070c200000|100%| O|  |TAMS 0x000000070c200000, 0x000000070c200000| Untracked 
|  62|0x000000070c200000, 0x000000070c400000, 0x000000070c400000|100%| O|  |TAMS 0x000000070c400000, 0x000000070c400000| Untracked 
|  63|0x000000070c400000, 0x000000070c600000, 0x000000070c600000|100%| O|  |TAMS 0x000000070c600000, 0x000000070c600000| Untracked 
|  64|0x000000070c600000, 0x000000070c800000, 0x000000070c800000|100%| O|  |TAMS 0x000000070c800000, 0x000000070c800000| Untracked 
|  65|0x000000070c800000, 0x000000070ca00000, 0x000000070ca00000|100%| O|  |TAMS 0x000000070ca00000, 0x000000070ca00000| Untracked 
|  66|0x000000070ca00000, 0x000000070cc00000, 0x000000070cc00000|100%| O|  |TAMS 0x000000070cc00000, 0x000000070cc00000| Untracked 
|  67|0x000000070cc00000, 0x000000070ce00000, 0x000000070ce00000|100%| O|  |TAMS 0x000000070ce00000, 0x000000070ce00000| Untracked 
|  68|0x000000070ce00000, 0x000000070d000000, 0x000000070d000000|100%| O|  |TAMS 0x000000070d000000, 0x000000070d000000| Untracked 
|  69|0x000000070d000000, 0x000000070d200000, 0x000000070d200000|100%| O|  |TAMS 0x000000070d000000, 0x000000070d200000| Untracked 
|  70|0x000000070d200000, 0x000000070d400000, 0x000000070d400000|100%| O|  |TAMS 0x000000070d200000, 0x000000070d400000| Untracked 
|  71|0x000000070d400000, 0x000000070d600000, 0x000000070d600000|100%| O|  |TAMS 0x000000070d400000, 0x000000070d600000| Untracked 
|  72|0x000000070d600000, 0x000000070d800000, 0x000000070d800000|100%| O|  |TAMS 0x000000070d600000, 0x000000070d800000| Untracked 
|  73|0x000000070d800000, 0x000000070da00000, 0x000000070da00000|100%| O|  |TAMS 0x000000070d800000, 0x000000070da00000| Untracked 
|  74|0x000000070da00000, 0x000000070dc00000, 0x000000070dc00000|100%| O|  |TAMS 0x000000070da00000, 0x000000070dc00000| Untracked 
|  75|0x000000070dc00000, 0x000000070de00000, 0x000000070de00000|100%| O|  |TAMS 0x000000070dc00000, 0x000000070de00000| Untracked 
|  76|0x000000070de00000, 0x000000070e000000, 0x000000070e000000|100%| O|  |TAMS 0x000000070de00000, 0x000000070e000000| Untracked 
|  77|0x000000070e000000, 0x000000070e200000, 0x000000070e200000|100%| O|  |TAMS 0x000000070e000000, 0x000000070e200000| Untracked 
|  78|0x000000070e200000, 0x000000070e400000, 0x000000070e400000|100%| O|  |TAMS 0x000000070e200000, 0x000000070e400000| Untracked 
|  79|0x000000070e400000, 0x000000070e600000, 0x000000070e600000|100%| O|  |TAMS 0x000000070e400000, 0x000000070e600000| Untracked 
|  80|0x000000070e600000, 0x000000070e800000, 0x000000070e800000|100%| O|  |TAMS 0x000000070e600000, 0x000000070e800000| Untracked 
|  81|0x000000070e800000, 0x000000070ea00000, 0x000000070ea00000|100%| O|  |TAMS 0x000000070e800000, 0x000000070ea00000| Untracked 
|  82|0x000000070ea00000, 0x000000070ec00000, 0x000000070ec00000|100%| O|  |TAMS 0x000000070ea00000, 0x000000070ec00000| Untracked 
|  83|0x000000070ec00000, 0x000000070ee00000, 0x000000070ee00000|100%| O|  |TAMS 0x000000070ec00000, 0x000000070ee00000| Untracked 
|  84|0x000000070ee00000, 0x000000070f000000, 0x000000070f000000|100%|HS|  |TAMS 0x000000070ee00000, 0x000000070f000000| Complete 
|  85|0x000000070f000000, 0x000000070f200000, 0x000000070f200000|100%|HC|  |TAMS 0x000000070f000000, 0x000000070f200000| Complete 
|  86|0x000000070f200000, 0x000000070f400000, 0x000000070f400000|100%|HC|  |TAMS 0x000000070f200000, 0x000000070f400000| Complete 
|  87|0x000000070f400000, 0x000000070f600000, 0x000000070f600000|100%|HC|  |TAMS 0x000000070f400000, 0x000000070f600000| Complete 
|  88|0x000000070f600000, 0x000000070f800000, 0x000000070f800000|100%|HC|  |TAMS 0x000000070f600000, 0x000000070f800000| Complete 
|  89|0x000000070f800000, 0x000000070fa00000, 0x000000070fa00000|100%|HC|  |TAMS 0x000000070f800000, 0x000000070fa00000| Complete 
|  90|0x000000070fa00000, 0x000000070fc00000, 0x000000070fc00000|100%|HC|  |TAMS 0x000000070fa00000, 0x000000070fc00000| Complete 
|  91|0x000000070fc00000, 0x000000070fe00000, 0x000000070fe00000|100%|HC|  |TAMS 0x000000070fc00000, 0x000000070fe00000| Complete 
|  92|0x000000070fe00000, 0x0000000710000000, 0x0000000710000000|100%| O|  |TAMS 0x000000070fe00000, 0x0000000710000000| Untracked 
|  93|0x0000000710000000, 0x0000000710200000, 0x0000000710200000|100%| O|  |TAMS 0x0000000710000000, 0x0000000710200000| Untracked 
|  94|0x0000000710200000, 0x0000000710400000, 0x0000000710400000|100%| O|  |TAMS 0x0000000710200000, 0x0000000710400000| Untracked 
|  95|0x0000000710400000, 0x0000000710600000, 0x0000000710600000|100%| O|  |TAMS 0x0000000710400000, 0x0000000710600000| Untracked 
|  96|0x0000000710600000, 0x0000000710800000, 0x0000000710800000|100%| O|  |TAMS 0x0000000710600000, 0x0000000710800000| Untracked 
|  97|0x0000000710800000, 0x0000000710a00000, 0x0000000710a00000|100%| O|  |TAMS 0x0000000710800000, 0x0000000710a00000| Untracked 
|  98|0x0000000710a00000, 0x0000000710c00000, 0x0000000710c00000|100%| O|  |TAMS 0x0000000710a00000, 0x0000000710c00000| Untracked 
|  99|0x0000000710c00000, 0x0000000710e00000, 0x0000000710e00000|100%| O|  |TAMS 0x0000000710c00000, 0x0000000710e00000| Untracked 
| 100|0x0000000710e00000, 0x0000000711000000, 0x0000000711000000|100%| O|  |TAMS 0x0000000710e00000, 0x0000000711000000| Untracked 
| 101|0x0000000711000000, 0x0000000711200000, 0x0000000711200000|100%| O|  |TAMS 0x0000000711000000, 0x0000000711200000| Untracked 
| 102|0x0000000711200000, 0x0000000711400000, 0x0000000711400000|100%| O|  |TAMS 0x0000000711200000, 0x0000000711400000| Untracked 
| 103|0x0000000711400000, 0x0000000711600000, 0x0000000711600000|100%| O|  |TAMS 0x0000000711400000, 0x0000000711600000| Untracked 
| 104|0x0000000711600000, 0x0000000711800000, 0x0000000711800000|100%| O|  |TAMS 0x0000000711600000, 0x0000000711800000| Untracked 
| 105|0x0000000711800000, 0x0000000711a00000, 0x0000000711a00000|100%| O|  |TAMS 0x0000000711800000, 0x0000000711a00000| Untracked 
| 106|0x0000000711a00000, 0x0000000711c00000, 0x0000000711c00000|100%| O|  |TAMS 0x0000000711a00000, 0x0000000711c00000| Untracked 
| 107|0x0000000711c00000, 0x0000000711e00000, 0x0000000711e00000|100%| O|  |TAMS 0x0000000711c00000, 0x0000000711e00000| Untracked 
| 108|0x0000000711e00000, 0x0000000712000000, 0x0000000712000000|100%| O|  |TAMS 0x0000000711e00000, 0x0000000712000000| Untracked 
| 109|0x0000000712000000, 0x0000000712200000, 0x0000000712200000|100%| O|  |TAMS 0x0000000712000000, 0x0000000712200000| Untracked 
| 110|0x0000000712200000, 0x0000000712400000, 0x0000000712400000|100%| O|  |TAMS 0x0000000712200000, 0x0000000712400000| Untracked 
| 111|0x0000000712400000, 0x0000000712600000, 0x0000000712600000|100%| O|  |TAMS 0x0000000712400000, 0x0000000712600000| Untracked 
| 112|0x0000000712600000, 0x0000000712800000, 0x0000000712800000|100%| O|  |TAMS 0x0000000712600000, 0x0000000712800000| Untracked 
| 113|0x0000000712800000, 0x0000000712a00000, 0x0000000712a00000|100%| O|  |TAMS 0x0000000712800000, 0x0000000712a00000| Untracked 
| 114|0x0000000712a00000, 0x0000000712c00000, 0x0000000712c00000|100%| O|  |TAMS 0x0000000712a00000, 0x0000000712c00000| Untracked 
| 115|0x0000000712c00000, 0x0000000712e00000, 0x0000000712e00000|100%| O|  |TAMS 0x0000000712c00000, 0x0000000712e00000| Untracked 
| 116|0x0000000712e00000, 0x0000000713000000, 0x0000000713000000|100%|HS|  |TAMS 0x0000000712e00000, 0x0000000713000000| Complete 
| 117|0x0000000713000000, 0x0000000713200000, 0x0000000713200000|100%|HC|  |TAMS 0x0000000713000000, 0x0000000713200000| Complete 
| 118|0x0000000713200000, 0x0000000713400000, 0x0000000713400000|100%|HC|  |TAMS 0x0000000713200000, 0x0000000713400000| Complete 
| 119|0x0000000713400000, 0x0000000713600000, 0x0000000713600000|100%|HC|  |TAMS 0x0000000713400000, 0x0000000713600000| Complete 
| 120|0x0000000713600000, 0x0000000713800000, 0x0000000713800000|100%|HC|  |TAMS 0x0000000713600000, 0x0000000713800000| Complete 
| 121|0x0000000713800000, 0x0000000713a00000, 0x0000000713a00000|100%|HC|  |TAMS 0x0000000713800000, 0x0000000713a00000| Complete 
| 122|0x0000000713a00000, 0x0000000713c00000, 0x0000000713c00000|100%|HC|  |TAMS 0x0000000713a00000, 0x0000000713c00000| Complete 
| 123|0x0000000713c00000, 0x0000000713e00000, 0x0000000713e00000|100%|HC|  |TAMS 0x0000000713c00000, 0x0000000713e00000| Complete 
| 124|0x0000000713e00000, 0x0000000714000000, 0x0000000714000000|100%|HC|  |TAMS 0x0000000713e00000, 0x0000000714000000| Complete 
| 125|0x0000000714000000, 0x0000000714200000, 0x0000000714200000|100%|HC|  |TAMS 0x0000000714000000, 0x0000000714200000| Complete 
| 126|0x0000000714200000, 0x0000000714400000, 0x0000000714400000|100%|HC|  |TAMS 0x0000000714200000, 0x0000000714400000| Complete 
| 127|0x0000000714400000, 0x0000000714600000, 0x0000000714600000|100%|HC|  |TAMS 0x0000000714400000, 0x0000000714600000| Complete 
| 128|0x0000000714600000, 0x0000000714800000, 0x0000000714800000|100%| O|  |TAMS 0x0000000714600000, 0x0000000714800000| Untracked 
| 129|0x0000000714800000, 0x0000000714a00000, 0x0000000714a00000|100%| O|  |TAMS 0x0000000714800000, 0x0000000714a00000| Untracked 
| 130|0x0000000714a00000, 0x0000000714c00000, 0x0000000714c00000|100%| O|  |TAMS 0x0000000714a00000, 0x0000000714c00000| Untracked 
| 131|0x0000000714c00000, 0x0000000714e00000, 0x0000000714e00000|100%| O|  |TAMS 0x0000000714c00000, 0x0000000714e00000| Untracked 
| 132|0x0000000714e00000, 0x0000000715000000, 0x0000000715000000|100%| O|  |TAMS 0x0000000714e00000, 0x0000000715000000| Untracked 
| 133|0x0000000715000000, 0x0000000715200000, 0x0000000715200000|100%| O|  |TAMS 0x0000000715000000, 0x0000000715200000| Untracked 
| 134|0x0000000715200000, 0x0000000715400000, 0x0000000715400000|100%| O|  |TAMS 0x0000000715200000, 0x0000000715400000| Untracked 
| 135|0x0000000715400000, 0x0000000715600000, 0x0000000715600000|100%| O|  |TAMS 0x0000000715400000, 0x0000000715600000| Untracked 
| 136|0x0000000715600000, 0x0000000715800000, 0x0000000715800000|100%| O|  |TAMS 0x0000000715600000, 0x0000000715800000| Untracked 
| 137|0x0000000715800000, 0x0000000715a00000, 0x0000000715a00000|100%| O|  |TAMS 0x0000000715800000, 0x0000000715a00000| Untracked 
| 138|0x0000000715a00000, 0x0000000715c00000, 0x0000000715c00000|100%| O|  |TAMS 0x0000000715a00000, 0x0000000715c00000| Untracked 
| 139|0x0000000715c00000, 0x0000000715e00000, 0x0000000715e00000|100%| O|  |TAMS 0x0000000715c00000, 0x0000000715e00000| Untracked 
| 140|0x0000000715e00000, 0x0000000716000000, 0x0000000716000000|100%| O|  |TAMS 0x0000000715e00000, 0x0000000716000000| Untracked 
| 141|0x0000000716000000, 0x0000000716200000, 0x0000000716200000|100%| O|  |TAMS 0x0000000716000000, 0x0000000716200000| Untracked 
| 142|0x0000000716200000, 0x0000000716400000, 0x0000000716400000|100%| O|  |TAMS 0x0000000716200000, 0x0000000716400000| Untracked 
| 143|0x0000000716400000, 0x0000000716600000, 0x0000000716600000|100%| O|  |TAMS 0x0000000716400000, 0x0000000716600000| Untracked 
| 144|0x0000000716600000, 0x0000000716800000, 0x0000000716800000|100%| O|  |TAMS 0x0000000716600000, 0x0000000716800000| Untracked 
| 145|0x0000000716800000, 0x0000000716a00000, 0x0000000716a00000|100%| O|  |TAMS 0x0000000716800000, 0x0000000716a00000| Untracked 
| 146|0x0000000716a00000, 0x0000000716c00000, 0x0000000716c00000|100%| O|  |TAMS 0x0000000716a00000, 0x0000000716c00000| Untracked 
| 147|0x0000000716c00000, 0x0000000716e00000, 0x0000000716e00000|100%| O|  |TAMS 0x0000000716c00000, 0x0000000716e00000| Untracked 
| 148|0x0000000716e00000, 0x0000000717000000, 0x0000000717000000|100%| O|  |TAMS 0x0000000716e00000, 0x0000000717000000| Untracked 
| 149|0x0000000717000000, 0x0000000717200000, 0x0000000717200000|100%| O|  |TAMS 0x0000000717000000, 0x0000000717200000| Untracked 
| 150|0x0000000717200000, 0x0000000717400000, 0x0000000717400000|100%| O|  |TAMS 0x0000000717200000, 0x0000000717400000| Untracked 
| 151|0x0000000717400000, 0x0000000717600000, 0x0000000717600000|100%| O|  |TAMS 0x0000000717400000, 0x0000000717600000| Untracked 
| 152|0x0000000717600000, 0x0000000717800000, 0x0000000717800000|100%| O|  |TAMS 0x0000000717600000, 0x0000000717800000| Untracked 
| 153|0x0000000717800000, 0x0000000717a00000, 0x0000000717a00000|100%| O|  |TAMS 0x0000000717800000, 0x0000000717a00000| Untracked 
| 154|0x0000000717a00000, 0x0000000717c00000, 0x0000000717c00000|100%| O|  |TAMS 0x0000000717a00000, 0x0000000717c00000| Untracked 
| 155|0x0000000717c00000, 0x0000000717e00000, 0x0000000717e00000|100%| O|  |TAMS 0x0000000717c00000, 0x0000000717e00000| Untracked 
| 156|0x0000000717e00000, 0x0000000718000000, 0x0000000718000000|100%| O|  |TAMS 0x0000000717e00000, 0x0000000718000000| Untracked 
| 157|0x0000000718000000, 0x0000000718200000, 0x0000000718200000|100%| O|  |TAMS 0x0000000718000000, 0x0000000718200000| Untracked 
| 158|0x0000000718200000, 0x0000000718400000, 0x0000000718400000|100%| O|  |TAMS 0x0000000718200000, 0x0000000718400000| Untracked 
| 159|0x0000000718400000, 0x0000000718600000, 0x0000000718600000|100%|HS|  |TAMS 0x0000000718400000, 0x0000000718600000| Complete 
| 160|0x0000000718600000, 0x0000000718800000, 0x0000000718800000|100%|HC|  |TAMS 0x0000000718600000, 0x0000000718800000| Complete 
| 161|0x0000000718800000, 0x0000000718a00000, 0x0000000718a00000|100%|HC|  |TAMS 0x0000000718800000, 0x0000000718a00000| Complete 
| 162|0x0000000718a00000, 0x0000000718c00000, 0x0000000718c00000|100%|HC|  |TAMS 0x0000000718a00000, 0x0000000718c00000| Complete 
| 163|0x0000000718c00000, 0x0000000718e00000, 0x0000000718e00000|100%|HC|  |TAMS 0x0000000718c00000, 0x0000000718e00000| Complete 
| 164|0x0000000718e00000, 0x0000000719000000, 0x0000000719000000|100%|HC|  |TAMS 0x0000000718e00000, 0x0000000719000000| Complete 
| 165|0x0000000719000000, 0x0000000719200000, 0x0000000719200000|100%|HC|  |TAMS 0x0000000719000000, 0x0000000719200000| Complete 
| 166|0x0000000719200000, 0x0000000719400000, 0x0000000719400000|100%|HC|  |TAMS 0x0000000719200000, 0x0000000719400000| Complete 
| 167|0x0000000719400000, 0x0000000719600000, 0x0000000719600000|100%|HC|  |TAMS 0x0000000719400000, 0x0000000719600000| Complete 
| 168|0x0000000719600000, 0x0000000719800000, 0x0000000719800000|100%|HC|  |TAMS 0x0000000719600000, 0x0000000719800000| Complete 
| 169|0x0000000719800000, 0x0000000719a00000, 0x0000000719a00000|100%|HC|  |TAMS 0x0000000719800000, 0x0000000719a00000| Complete 
| 170|0x0000000719a00000, 0x0000000719c00000, 0x0000000719c00000|100%|HC|  |TAMS 0x0000000719a00000, 0x0000000719c00000| Complete 
| 171|0x0000000719c00000, 0x0000000719e00000, 0x0000000719e00000|100%|HC|  |TAMS 0x0000000719c00000, 0x0000000719e00000| Complete 
| 172|0x0000000719e00000, 0x000000071a000000, 0x000000071a000000|100%|HC|  |TAMS 0x0000000719e00000, 0x000000071a000000| Complete 
| 173|0x000000071a000000, 0x000000071a200000, 0x000000071a200000|100%|HC|  |TAMS 0x000000071a000000, 0x000000071a200000| Complete 
| 174|0x000000071a200000, 0x000000071a400000, 0x000000071a400000|100%|HC|  |TAMS 0x000000071a200000, 0x000000071a400000| Complete 
| 175|0x000000071a400000, 0x000000071a600000, 0x000000071a600000|100%|HC|  |TAMS 0x000000071a400000, 0x000000071a600000| Complete 
| 176|0x000000071a600000, 0x000000071a800000, 0x000000071a800000|100%|HC|  |TAMS 0x000000071a600000, 0x000000071a800000| Complete 
| 177|0x000000071a800000, 0x000000071aa00000, 0x000000071aa00000|100%| O|  |TAMS 0x000000071a800000, 0x000000071aa00000| Untracked 
| 178|0x000000071aa00000, 0x000000071ac00000, 0x000000071ac00000|100%| O|  |TAMS 0x000000071aa00000, 0x000000071ac00000| Untracked 
| 179|0x000000071ac00000, 0x000000071ae00000, 0x000000071ae00000|100%| O|  |TAMS 0x000000071ac00000, 0x000000071ae00000| Untracked 
| 180|0x000000071ae00000, 0x000000071b000000, 0x000000071b000000|100%| O|  |TAMS 0x000000071ae00000, 0x000000071b000000| Untracked 
| 181|0x000000071b000000, 0x000000071b200000, 0x000000071b200000|100%| O|  |TAMS 0x000000071b000000, 0x000000071b200000| Untracked 
| 182|0x000000071b200000, 0x000000071b400000, 0x000000071b400000|100%| O|  |TAMS 0x000000071b200000, 0x000000071b400000| Untracked 
| 183|0x000000071b400000, 0x000000071b600000, 0x000000071b600000|100%| O|  |TAMS 0x000000071b400000, 0x000000071b600000| Untracked 
| 184|0x000000071b600000, 0x000000071b800000, 0x000000071b800000|100%| O|  |TAMS 0x000000071b600000, 0x000000071b800000| Untracked 
| 185|0x000000071b800000, 0x000000071ba00000, 0x000000071ba00000|100%| O|  |TAMS 0x000000071b800000, 0x000000071ba00000| Untracked 
| 186|0x000000071ba00000, 0x000000071bc00000, 0x000000071bc00000|100%| O|  |TAMS 0x000000071ba00000, 0x000000071bc00000| Untracked 
| 187|0x000000071bc00000, 0x000000071be00000, 0x000000071be00000|100%| O|  |TAMS 0x000000071bc00000, 0x000000071be00000| Untracked 
| 188|0x000000071be00000, 0x000000071c000000, 0x000000071c000000|100%| O|  |TAMS 0x000000071be00000, 0x000000071c000000| Untracked 
| 189|0x000000071c000000, 0x000000071c200000, 0x000000071c200000|100%| O|  |TAMS 0x000000071c000000, 0x000000071c200000| Untracked 
| 190|0x000000071c200000, 0x000000071c400000, 0x000000071c400000|100%| O|  |TAMS 0x000000071c200000, 0x000000071c400000| Untracked 
| 191|0x000000071c400000, 0x000000071c600000, 0x000000071c600000|100%| O|  |TAMS 0x000000071c400000, 0x000000071c600000| Untracked 
| 192|0x000000071c600000, 0x000000071c800000, 0x000000071c800000|100%| O|  |TAMS 0x000000071c600000, 0x000000071c800000| Untracked 
| 193|0x000000071c800000, 0x000000071ca00000, 0x000000071ca00000|100%| O|  |TAMS 0x000000071c800000, 0x000000071ca00000| Untracked 
| 194|0x000000071ca00000, 0x000000071cc00000, 0x000000071cc00000|100%| O|  |TAMS 0x000000071ca00000, 0x000000071cc00000| Untracked 
| 195|0x000000071cc00000, 0x000000071ce00000, 0x000000071ce00000|100%| O|  |TAMS 0x000000071cc00000, 0x000000071ce00000| Untracked 
| 196|0x000000071ce00000, 0x000000071d000000, 0x000000071d000000|100%| O|  |TAMS 0x000000071ce00000, 0x000000071d000000| Untracked 
| 197|0x000000071d000000, 0x000000071d200000, 0x000000071d200000|100%| O|  |TAMS 0x000000071d000000, 0x000000071d200000| Untracked 
| 198|0x000000071d200000, 0x000000071d400000, 0x000000071d400000|100%| O|  |TAMS 0x000000071d200000, 0x000000071d400000| Untracked 
| 199|0x000000071d400000, 0x000000071d600000, 0x000000071d600000|100%| O|  |TAMS 0x000000071d400000, 0x000000071d600000| Untracked 
| 200|0x000000071d600000, 0x000000071d800000, 0x000000071d800000|100%| O|  |TAMS 0x000000071d600000, 0x000000071d800000| Untracked 
| 201|0x000000071d800000, 0x000000071da00000, 0x000000071da00000|100%| O|  |TAMS 0x000000071d800000, 0x000000071da00000| Untracked 
| 202|0x000000071da00000, 0x000000071dc00000, 0x000000071dc00000|100%| O|  |TAMS 0x000000071da00000, 0x000000071dc00000| Untracked 
| 203|0x000000071dc00000, 0x000000071de00000, 0x000000071de00000|100%| O|  |TAMS 0x000000071dc00000, 0x000000071de00000| Untracked 
| 204|0x000000071de00000, 0x000000071e000000, 0x000000071e000000|100%| O|  |TAMS 0x000000071de00000, 0x000000071e000000| Untracked 
| 205|0x000000071e000000, 0x000000071e200000, 0x000000071e200000|100%| O|  |TAMS 0x000000071e000000, 0x000000071e200000| Untracked 
| 206|0x000000071e200000, 0x000000071e400000, 0x000000071e400000|100%| O|  |TAMS 0x000000071e200000, 0x000000071e400000| Untracked 
| 207|0x000000071e400000, 0x000000071e600000, 0x000000071e600000|100%| O|  |TAMS 0x000000071e400000, 0x000000071e600000| Untracked 
| 208|0x000000071e600000, 0x000000071e800000, 0x000000071e800000|100%| O|  |TAMS 0x000000071e600000, 0x000000071e800000| Untracked 
| 209|0x000000071e800000, 0x000000071ea00000, 0x000000071ea00000|100%| O|  |TAMS 0x000000071e800000, 0x000000071ea00000| Untracked 
| 210|0x000000071ea00000, 0x000000071ec00000, 0x000000071ec00000|100%| O|  |TAMS 0x000000071ea00000, 0x000000071ec00000| Untracked 
| 211|0x000000071ec00000, 0x000000071ee00000, 0x000000071ee00000|100%| O|  |TAMS 0x000000071ec00000, 0x000000071ee00000| Untracked 
| 212|0x000000071ee00000, 0x000000071f000000, 0x000000071f000000|100%| O|  |TAMS 0x000000071ee00000, 0x000000071f000000| Untracked 
| 213|0x000000071f000000, 0x000000071f200000, 0x000000071f200000|100%| O|  |TAMS 0x000000071f000000, 0x000000071f200000| Untracked 
| 214|0x000000071f200000, 0x000000071f400000, 0x000000071f400000|100%| O|  |TAMS 0x000000071f200000, 0x000000071f400000| Untracked 
| 215|0x000000071f400000, 0x000000071f600000, 0x000000071f600000|100%| O|  |TAMS 0x000000071f400000, 0x000000071f600000| Untracked 
| 216|0x000000071f600000, 0x000000071f800000, 0x000000071f800000|100%| O|  |TAMS 0x000000071f600000, 0x000000071f800000| Untracked 
| 217|0x000000071f800000, 0x000000071fa00000, 0x000000071fa00000|100%| O|  |TAMS 0x000000071f800000, 0x000000071fa00000| Untracked 
| 218|0x000000071fa00000, 0x000000071fc00000, 0x000000071fc00000|100%| O|  |TAMS 0x000000071fa00000, 0x000000071fc00000| Untracked 
| 219|0x000000071fc00000, 0x000000071fe00000, 0x000000071fe00000|100%| O|  |TAMS 0x000000071fc00000, 0x000000071fe00000| Untracked 
| 220|0x000000071fe00000, 0x0000000720000000, 0x0000000720000000|100%| O|  |TAMS 0x000000071fe00000, 0x0000000720000000| Untracked 
| 221|0x0000000720000000, 0x0000000720200000, 0x0000000720200000|100%| O|  |TAMS 0x0000000720000000, 0x0000000720200000| Untracked 
| 222|0x0000000720200000, 0x0000000720400000, 0x0000000720400000|100%| O|  |TAMS 0x0000000720200000, 0x0000000720400000| Untracked 
| 223|0x0000000720400000, 0x0000000720600000, 0x0000000720600000|100%| O|  |TAMS 0x0000000720400000, 0x0000000720600000| Untracked 
| 224|0x0000000720600000, 0x0000000720800000, 0x0000000720800000|100%| O|  |TAMS 0x0000000720600000, 0x0000000720800000| Untracked 
| 225|0x0000000720800000, 0x0000000720a00000, 0x0000000720a00000|100%| O|  |TAMS 0x0000000720800000, 0x0000000720a00000| Untracked 
| 226|0x0000000720a00000, 0x0000000720c00000, 0x0000000720c00000|100%| O|  |TAMS 0x0000000720a00000, 0x0000000720c00000| Untracked 
| 227|0x0000000720c00000, 0x0000000720e00000, 0x0000000720e00000|100%| O|  |TAMS 0x0000000720c00000, 0x0000000720e00000| Untracked 
| 228|0x0000000720e00000, 0x0000000721000000, 0x0000000721000000|100%| O|  |TAMS 0x0000000720e00000, 0x0000000720e00000| Untracked 
| 229|0x0000000721000000, 0x0000000721200000, 0x0000000721200000|100%| O|  |TAMS 0x0000000721000000, 0x0000000721000000| Untracked 
| 230|0x0000000721200000, 0x0000000721400000, 0x0000000721400000|100%| O|  |TAMS 0x0000000721200000, 0x0000000721200000| Untracked 
| 231|0x0000000721400000, 0x0000000721600000, 0x0000000721600000|100%| O|  |TAMS 0x0000000721400000, 0x0000000721400000| Untracked 
| 232|0x0000000721600000, 0x0000000721800000, 0x0000000721800000|100%| O|  |TAMS 0x0000000721600000, 0x0000000721600000| Untracked 
| 233|0x0000000721800000, 0x0000000721a00000, 0x0000000721a00000|100%| O|  |TAMS 0x0000000721800000, 0x0000000721800000| Untracked 
| 234|0x0000000721a00000, 0x0000000721c00000, 0x0000000721c00000|100%| O|  |TAMS 0x0000000721a00000, 0x0000000721a00000| Untracked 
| 235|0x0000000721c00000, 0x0000000721e00000, 0x0000000721e00000|100%| O|  |TAMS 0x0000000721c00000, 0x0000000721c00000| Untracked 
| 236|0x0000000721e00000, 0x0000000722000000, 0x0000000722000000|100%| O|  |TAMS 0x0000000721e00000, 0x0000000721e00000| Untracked 
| 237|0x0000000722000000, 0x0000000722200000, 0x0000000722200000|100%| O|  |TAMS 0x0000000722000000, 0x0000000722000000| Untracked 
| 238|0x0000000722200000, 0x0000000722400000, 0x0000000722400000|100%| O|  |TAMS 0x0000000722200000, 0x0000000722200000| Untracked 
| 239|0x0000000722400000, 0x0000000722600000, 0x0000000722600000|100%| O|  |TAMS 0x0000000722400000, 0x0000000722400000| Untracked 
| 240|0x0000000722600000, 0x0000000722800000, 0x0000000722800000|100%| O|  |TAMS 0x0000000722600000, 0x0000000722600000| Untracked 
| 241|0x0000000722800000, 0x0000000722a00000, 0x0000000722a00000|100%| O|  |TAMS 0x0000000722800000, 0x0000000722800000| Untracked 
| 242|0x0000000722a00000, 0x0000000722c00000, 0x0000000722c00000|100%| O|  |TAMS 0x0000000722a00000, 0x0000000722a00000| Untracked 
| 243|0x0000000722c00000, 0x0000000722e00000, 0x0000000722e00000|100%| O|  |TAMS 0x0000000722c00000, 0x0000000722c00000| Untracked 
| 244|0x0000000722e00000, 0x0000000723000000, 0x0000000723000000|100%| O|  |TAMS 0x0000000722e00000, 0x0000000722e00000| Untracked 
| 245|0x0000000723000000, 0x0000000723200000, 0x0000000723200000|100%| O|  |TAMS 0x0000000723000000, 0x0000000723000000| Untracked 
| 246|0x0000000723200000, 0x0000000723400000, 0x0000000723400000|100%| O|  |TAMS 0x0000000723200000, 0x0000000723200000| Untracked 
| 247|0x0000000723400000, 0x0000000723600000, 0x0000000723600000|100%| O|  |TAMS 0x0000000723400000, 0x0000000723400000| Untracked 
| 248|0x0000000723600000, 0x0000000723800000, 0x0000000723800000|100%| O|  |TAMS 0x0000000723600000, 0x0000000723600000| Untracked 
| 249|0x0000000723800000, 0x0000000723a00000, 0x0000000723a00000|100%| O|  |TAMS 0x0000000723800000, 0x0000000723800000| Untracked 
| 250|0x0000000723a00000, 0x0000000723c00000, 0x0000000723c00000|100%| O|  |TAMS 0x0000000723a00000, 0x0000000723a00000| Untracked 
| 251|0x0000000723c00000, 0x0000000723e00000, 0x0000000723e00000|100%| O|  |TAMS 0x0000000723c00000, 0x0000000723c00000| Untracked 
| 252|0x0000000723e00000, 0x0000000724000000, 0x0000000724000000|100%| O|  |TAMS 0x0000000723e00000, 0x0000000723e00000| Untracked 
| 253|0x0000000724000000, 0x0000000724200000, 0x0000000724200000|100%| O|  |TAMS 0x0000000724000000, 0x0000000724000000| Untracked 
| 254|0x0000000724200000, 0x0000000724400000, 0x0000000724400000|100%| O|  |TAMS 0x0000000724200000, 0x0000000724200000| Untracked 
| 255|0x0000000724400000, 0x0000000724600000, 0x0000000724600000|100%| O|  |TAMS 0x0000000724400000, 0x0000000724400000| Untracked 
| 256|0x0000000724600000, 0x0000000724800000, 0x0000000724800000|100%| O|  |TAMS 0x0000000724600000, 0x0000000724600000| Untracked 
| 257|0x0000000724800000, 0x0000000724a00000, 0x0000000724a00000|100%| O|  |TAMS 0x0000000724800000, 0x0000000724800000| Untracked 
| 258|0x0000000724a00000, 0x0000000724c00000, 0x0000000724c00000|100%| O|  |TAMS 0x0000000724a00000, 0x0000000724a00000| Untracked 
| 259|0x0000000724c00000, 0x0000000724e00000, 0x0000000724e00000|100%| O|  |TAMS 0x0000000724c00000, 0x0000000724c00000| Untracked 
| 260|0x0000000724e00000, 0x0000000725000000, 0x0000000725000000|100%| O|  |TAMS 0x0000000724e00000, 0x0000000724e00000| Untracked 
| 261|0x0000000725000000, 0x0000000725200000, 0x0000000725200000|100%| O|  |TAMS 0x0000000725000000, 0x0000000725000000| Untracked 
| 262|0x0000000725200000, 0x0000000725200000, 0x0000000725400000|  0%| F|  |TAMS 0x0000000725200000, 0x0000000725200000| Untracked 
| 263|0x0000000725400000, 0x0000000725400000, 0x0000000725600000|  0%| F|  |TAMS 0x0000000725400000, 0x0000000725400000| Untracked 
| 264|0x0000000725600000, 0x0000000725600000, 0x0000000725800000|  0%| F|  |TAMS 0x0000000725600000, 0x0000000725600000| Untracked 
| 265|0x0000000725800000, 0x0000000725800000, 0x0000000725a00000|  0%| F|  |TAMS 0x0000000725800000, 0x0000000725800000| Untracked 
| 266|0x0000000725a00000, 0x0000000725a00000, 0x0000000725c00000|  0%| F|  |TAMS 0x0000000725a00000, 0x0000000725a00000| Untracked 
| 267|0x0000000725c00000, 0x0000000725c00000, 0x0000000725e00000|  0%| F|  |TAMS 0x0000000725c00000, 0x0000000725c00000| Untracked 
| 268|0x0000000725e00000, 0x0000000725e00000, 0x0000000726000000|  0%| F|  |TAMS 0x0000000725e00000, 0x0000000725e00000| Untracked 
| 269|0x0000000726000000, 0x0000000726000000, 0x0000000726200000|  0%| F|  |TAMS 0x0000000726000000, 0x0000000726000000| Untracked 
| 270|0x0000000726200000, 0x0000000726200000, 0x0000000726400000|  0%| F|  |TAMS 0x0000000726200000, 0x0000000726200000| Untracked 
| 271|0x0000000726400000, 0x0000000726400000, 0x0000000726600000|  0%| F|  |TAMS 0x0000000726400000, 0x0000000726400000| Untracked 
| 272|0x0000000726600000, 0x0000000726600000, 0x0000000726800000|  0%| F|  |TAMS 0x0000000726600000, 0x0000000726600000| Untracked 
| 273|0x0000000726800000, 0x0000000726800000, 0x0000000726a00000|  0%| F|  |TAMS 0x0000000726800000, 0x0000000726800000| Untracked 
| 274|0x0000000726a00000, 0x0000000726a00000, 0x0000000726c00000|  0%| F|  |TAMS 0x0000000726a00000, 0x0000000726a00000| Untracked 
| 275|0x0000000726c00000, 0x0000000726c00000, 0x0000000726e00000|  0%| F|  |TAMS 0x0000000726c00000, 0x0000000726c00000| Untracked 
| 276|0x0000000726e00000, 0x0000000726e00000, 0x0000000727000000|  0%| F|  |TAMS 0x0000000726e00000, 0x0000000726e00000| Untracked 
| 277|0x0000000727000000, 0x0000000727000000, 0x0000000727200000|  0%| F|  |TAMS 0x0000000727000000, 0x0000000727000000| Untracked 
| 278|0x0000000727200000, 0x0000000727200000, 0x0000000727400000|  0%| F|  |TAMS 0x0000000727200000, 0x0000000727200000| Untracked 
| 279|0x0000000727400000, 0x0000000727400000, 0x0000000727600000|  0%| F|  |TAMS 0x0000000727400000, 0x0000000727400000| Untracked 
| 280|0x0000000727600000, 0x0000000727600000, 0x0000000727800000|  0%| F|  |TAMS 0x0000000727600000, 0x0000000727600000| Untracked 
| 281|0x0000000727800000, 0x0000000727800000, 0x0000000727a00000|  0%| F|  |TAMS 0x0000000727800000, 0x0000000727800000| Untracked 
| 282|0x0000000727a00000, 0x0000000727a00000, 0x0000000727c00000|  0%| F|  |TAMS 0x0000000727a00000, 0x0000000727a00000| Untracked 
| 283|0x0000000727c00000, 0x0000000727c00000, 0x0000000727e00000|  0%| F|  |TAMS 0x0000000727c00000, 0x0000000727c00000| Untracked 
| 284|0x0000000727e00000, 0x0000000727e00000, 0x0000000728000000|  0%| F|  |TAMS 0x0000000727e00000, 0x0000000727e00000| Untracked 
| 285|0x0000000728000000, 0x0000000728000000, 0x0000000728200000|  0%| F|  |TAMS 0x0000000728000000, 0x0000000728000000| Untracked 
| 286|0x0000000728200000, 0x0000000728200000, 0x0000000728400000|  0%| F|  |TAMS 0x0000000728200000, 0x0000000728200000| Untracked 
| 287|0x0000000728400000, 0x0000000728400000, 0x0000000728600000|  0%| F|  |TAMS 0x0000000728400000, 0x0000000728400000| Untracked 
| 288|0x0000000728600000, 0x0000000728600000, 0x0000000728800000|  0%| F|  |TAMS 0x0000000728600000, 0x0000000728600000| Untracked 
| 289|0x0000000728800000, 0x0000000728800000, 0x0000000728a00000|  0%| F|  |TAMS 0x0000000728800000, 0x0000000728800000| Untracked 
| 290|0x0000000728a00000, 0x0000000728a00000, 0x0000000728c00000|  0%| F|  |TAMS 0x0000000728a00000, 0x0000000728a00000| Untracked 
| 291|0x0000000728c00000, 0x0000000728c00000, 0x0000000728e00000|  0%| F|  |TAMS 0x0000000728c00000, 0x0000000728c00000| Untracked 
| 292|0x0000000728e00000, 0x0000000728e00000, 0x0000000729000000|  0%| F|  |TAMS 0x0000000728e00000, 0x0000000728e00000| Untracked 
| 293|0x0000000729000000, 0x0000000729000000, 0x0000000729200000|  0%| F|  |TAMS 0x0000000729000000, 0x0000000729000000| Untracked 
| 294|0x0000000729200000, 0x0000000729200000, 0x0000000729400000|  0%| F|  |TAMS 0x0000000729200000, 0x0000000729200000| Untracked 
| 295|0x0000000729400000, 0x0000000729400000, 0x0000000729600000|  0%| F|  |TAMS 0x0000000729400000, 0x0000000729400000| Untracked 
| 296|0x0000000729600000, 0x0000000729600000, 0x0000000729800000|  0%| F|  |TAMS 0x0000000729600000, 0x0000000729600000| Untracked 
| 297|0x0000000729800000, 0x0000000729800000, 0x0000000729a00000|  0%| F|  |TAMS 0x0000000729800000, 0x0000000729800000| Untracked 
| 298|0x0000000729a00000, 0x0000000729a00000, 0x0000000729c00000|  0%| F|  |TAMS 0x0000000729a00000, 0x0000000729a00000| Untracked 
| 299|0x0000000729c00000, 0x0000000729c00000, 0x0000000729e00000|  0%| F|  |TAMS 0x0000000729c00000, 0x0000000729c00000| Untracked 
| 300|0x0000000729e00000, 0x0000000729e00000, 0x000000072a000000|  0%| F|  |TAMS 0x0000000729e00000, 0x0000000729e00000| Untracked 
| 301|0x000000072a000000, 0x000000072a000000, 0x000000072a200000|  0%| F|  |TAMS 0x000000072a000000, 0x000000072a000000| Untracked 
| 302|0x000000072a200000, 0x000000072a200000, 0x000000072a400000|  0%| F|  |TAMS 0x000000072a200000, 0x000000072a200000| Untracked 
| 303|0x000000072a400000, 0x000000072a400000, 0x000000072a600000|  0%| F|  |TAMS 0x000000072a400000, 0x000000072a400000| Untracked 
| 304|0x000000072a600000, 0x000000072a600000, 0x000000072a800000|  0%| F|  |TAMS 0x000000072a600000, 0x000000072a600000| Untracked 
| 305|0x000000072a800000, 0x000000072a800000, 0x000000072aa00000|  0%| F|  |TAMS 0x000000072a800000, 0x000000072a800000| Untracked 
| 306|0x000000072aa00000, 0x000000072aa00000, 0x000000072ac00000|  0%| F|  |TAMS 0x000000072aa00000, 0x000000072aa00000| Untracked 
| 307|0x000000072ac00000, 0x000000072ac00000, 0x000000072ae00000|  0%| F|  |TAMS 0x000000072ac00000, 0x000000072ac00000| Untracked 
| 308|0x000000072ae00000, 0x000000072ae00000, 0x000000072b000000|  0%| F|  |TAMS 0x000000072ae00000, 0x000000072ae00000| Untracked 
| 309|0x000000072b000000, 0x000000072b000000, 0x000000072b200000|  0%| F|  |TAMS 0x000000072b000000, 0x000000072b000000| Untracked 
| 310|0x000000072b200000, 0x000000072b200000, 0x000000072b400000|  0%| F|  |TAMS 0x000000072b200000, 0x000000072b200000| Untracked 
| 311|0x000000072b400000, 0x000000072b400000, 0x000000072b600000|  0%| F|  |TAMS 0x000000072b400000, 0x000000072b400000| Untracked 
| 312|0x000000072b600000, 0x000000072b600000, 0x000000072b800000|  0%| F|  |TAMS 0x000000072b600000, 0x000000072b600000| Untracked 
| 313|0x000000072b800000, 0x000000072b800000, 0x000000072ba00000|  0%| F|  |TAMS 0x000000072b800000, 0x000000072b800000| Untracked 
| 314|0x000000072ba00000, 0x000000072ba00000, 0x000000072bc00000|  0%| F|  |TAMS 0x000000072ba00000, 0x000000072ba00000| Untracked 
| 315|0x000000072bc00000, 0x000000072bc00000, 0x000000072be00000|  0%| F|  |TAMS 0x000000072bc00000, 0x000000072bc00000| Untracked 
| 316|0x000000072be00000, 0x000000072be00000, 0x000000072c000000|  0%| F|  |TAMS 0x000000072be00000, 0x000000072be00000| Untracked 
| 317|0x000000072c000000, 0x000000072c000000, 0x000000072c200000|  0%| F|  |TAMS 0x000000072c000000, 0x000000072c000000| Untracked 
| 318|0x000000072c200000, 0x000000072c200000, 0x000000072c400000|  0%| F|  |TAMS 0x000000072c200000, 0x000000072c200000| Untracked 
| 319|0x000000072c400000, 0x000000072c400000, 0x000000072c600000|  0%| F|  |TAMS 0x000000072c400000, 0x000000072c400000| Untracked 
| 320|0x000000072c600000, 0x000000072c600000, 0x000000072c800000|  0%| F|  |TAMS 0x000000072c600000, 0x000000072c600000| Untracked 
| 321|0x000000072c800000, 0x000000072c800000, 0x000000072ca00000|  0%| F|  |TAMS 0x000000072c800000, 0x000000072c800000| Untracked 
| 322|0x000000072ca00000, 0x000000072ca00000, 0x000000072cc00000|  0%| F|  |TAMS 0x000000072ca00000, 0x000000072ca00000| Untracked 
| 323|0x000000072cc00000, 0x000000072cc00000, 0x000000072ce00000|  0%| F|  |TAMS 0x000000072cc00000, 0x000000072cc00000| Untracked 
| 324|0x000000072ce00000, 0x000000072ce00000, 0x000000072d000000|  0%| F|  |TAMS 0x000000072ce00000, 0x000000072ce00000| Untracked 
| 325|0x000000072d000000, 0x000000072d000000, 0x000000072d200000|  0%| F|  |TAMS 0x000000072d000000, 0x000000072d000000| Untracked 
| 326|0x000000072d200000, 0x000000072d200000, 0x000000072d400000|  0%| F|  |TAMS 0x000000072d200000, 0x000000072d200000| Untracked 
| 327|0x000000072d400000, 0x000000072d400000, 0x000000072d600000|  0%| F|  |TAMS 0x000000072d400000, 0x000000072d400000| Untracked 
| 328|0x000000072d600000, 0x000000072d600000, 0x000000072d800000|  0%| F|  |TAMS 0x000000072d600000, 0x000000072d600000| Untracked 
| 329|0x000000072d800000, 0x000000072d800000, 0x000000072da00000|  0%| F|  |TAMS 0x000000072d800000, 0x000000072d800000| Untracked 
| 330|0x000000072da00000, 0x000000072da00000, 0x000000072dc00000|  0%| F|  |TAMS 0x000000072da00000, 0x000000072da00000| Untracked 
| 331|0x000000072dc00000, 0x000000072dc00000, 0x000000072de00000|  0%| F|  |TAMS 0x000000072dc00000, 0x000000072dc00000| Untracked 
| 332|0x000000072de00000, 0x000000072de00000, 0x000000072e000000|  0%| F|  |TAMS 0x000000072de00000, 0x000000072de00000| Untracked 
| 333|0x000000072e000000, 0x000000072e000000, 0x000000072e200000|  0%| F|  |TAMS 0x000000072e000000, 0x000000072e000000| Untracked 
| 334|0x000000072e200000, 0x000000072e200000, 0x000000072e400000|  0%| F|  |TAMS 0x000000072e200000, 0x000000072e200000| Untracked 
| 335|0x000000072e400000, 0x000000072e400000, 0x000000072e600000|  0%| F|  |TAMS 0x000000072e400000, 0x000000072e400000| Untracked 
| 336|0x000000072e600000, 0x000000072e600000, 0x000000072e800000|  0%| F|  |TAMS 0x000000072e600000, 0x000000072e600000| Untracked 
| 337|0x000000072e800000, 0x000000072e800000, 0x000000072ea00000|  0%| F|  |TAMS 0x000000072e800000, 0x000000072e800000| Untracked 
| 338|0x000000072ea00000, 0x000000072ea00000, 0x000000072ec00000|  0%| F|  |TAMS 0x000000072ea00000, 0x000000072ea00000| Untracked 
| 339|0x000000072ec00000, 0x000000072ec00000, 0x000000072ee00000|  0%| F|  |TAMS 0x000000072ec00000, 0x000000072ec00000| Untracked 
| 340|0x000000072ee00000, 0x000000072ee00000, 0x000000072f000000|  0%| F|  |TAMS 0x000000072ee00000, 0x000000072ee00000| Untracked 
| 341|0x000000072f000000, 0x000000072f000000, 0x000000072f200000|  0%| F|  |TAMS 0x000000072f000000, 0x000000072f000000| Untracked 
| 342|0x000000072f200000, 0x000000072f200000, 0x000000072f400000|  0%| F|  |TAMS 0x000000072f200000, 0x000000072f200000| Untracked 
| 343|0x000000072f400000, 0x000000072f400000, 0x000000072f600000|  0%| F|  |TAMS 0x000000072f400000, 0x000000072f400000| Untracked 
| 344|0x000000072f600000, 0x000000072f800000, 0x000000072f800000|100%| S|CS|TAMS 0x000000072f600000, 0x000000072f600000| Complete 
| 345|0x000000072f800000, 0x000000072fa00000, 0x000000072fa00000|100%| S|CS|TAMS 0x000000072f800000, 0x000000072f800000| Complete 
| 346|0x000000072fa00000, 0x000000072fc00000, 0x000000072fc00000|100%| S|CS|TAMS 0x000000072fa00000, 0x000000072fa00000| Complete 
| 347|0x000000072fc00000, 0x000000072fe00000, 0x000000072fe00000|100%| S|CS|TAMS 0x000000072fc00000, 0x000000072fc00000| Complete 
| 348|0x000000072fe00000, 0x0000000730000000, 0x0000000730000000|100%| S|CS|TAMS 0x000000072fe00000, 0x000000072fe00000| Complete 
| 349|0x0000000730000000, 0x0000000730000000, 0x0000000730200000|  0%| F|  |TAMS 0x0000000730000000, 0x0000000730000000| Untracked 
| 350|0x0000000730200000, 0x0000000730200000, 0x0000000730400000|  0%| F|  |TAMS 0x0000000730200000, 0x0000000730200000| Untracked 
| 351|0x0000000730400000, 0x0000000730400000, 0x0000000730600000|  0%| F|  |TAMS 0x0000000730400000, 0x0000000730400000| Untracked 
| 352|0x0000000730600000, 0x0000000730600000, 0x0000000730800000|  0%| F|  |TAMS 0x0000000730600000, 0x0000000730600000| Untracked 
| 353|0x0000000730800000, 0x0000000730800000, 0x0000000730a00000|  0%| F|  |TAMS 0x0000000730800000, 0x0000000730800000| Untracked 
| 354|0x0000000730a00000, 0x0000000730a00000, 0x0000000730c00000|  0%| F|  |TAMS 0x0000000730a00000, 0x0000000730a00000| Untracked 
| 355|0x0000000730c00000, 0x0000000730c00000, 0x0000000730e00000|  0%| F|  |TAMS 0x0000000730c00000, 0x0000000730c00000| Untracked 
| 356|0x0000000730e00000, 0x0000000730e00000, 0x0000000731000000|  0%| F|  |TAMS 0x0000000730e00000, 0x0000000730e00000| Untracked 
| 357|0x0000000731000000, 0x0000000731000000, 0x0000000731200000|  0%| F|  |TAMS 0x0000000731000000, 0x0000000731000000| Untracked 
| 358|0x0000000731200000, 0x0000000731200000, 0x0000000731400000|  0%| F|  |TAMS 0x0000000731200000, 0x0000000731200000| Untracked 
| 359|0x0000000731400000, 0x0000000731400000, 0x0000000731600000|  0%| F|  |TAMS 0x0000000731400000, 0x0000000731400000| Untracked 
| 360|0x0000000731600000, 0x0000000731600000, 0x0000000731800000|  0%| F|  |TAMS 0x0000000731600000, 0x0000000731600000| Untracked 
| 361|0x0000000731800000, 0x0000000731800000, 0x0000000731a00000|  0%| F|  |TAMS 0x0000000731800000, 0x0000000731800000| Untracked 
| 362|0x0000000731a00000, 0x0000000731a00000, 0x0000000731c00000|  0%| F|  |TAMS 0x0000000731a00000, 0x0000000731a00000| Untracked 
| 363|0x0000000731c00000, 0x0000000731c00000, 0x0000000731e00000|  0%| F|  |TAMS 0x0000000731c00000, 0x0000000731c00000| Untracked 
| 364|0x0000000731e00000, 0x0000000731e00000, 0x0000000732000000|  0%| F|  |TAMS 0x0000000731e00000, 0x0000000731e00000| Untracked 
| 365|0x0000000732000000, 0x0000000732000000, 0x0000000732200000|  0%| F|  |TAMS 0x0000000732000000, 0x0000000732000000| Untracked 
| 366|0x0000000732200000, 0x0000000732200000, 0x0000000732400000|  0%| F|  |TAMS 0x0000000732200000, 0x0000000732200000| Untracked 
| 367|0x0000000732400000, 0x0000000732400000, 0x0000000732600000|  0%| F|  |TAMS 0x0000000732400000, 0x0000000732400000| Untracked 
| 368|0x0000000732600000, 0x0000000732600000, 0x0000000732800000|  0%| F|  |TAMS 0x0000000732600000, 0x0000000732600000| Untracked 
| 369|0x0000000732800000, 0x0000000732800000, 0x0000000732a00000|  0%| F|  |TAMS 0x0000000732800000, 0x0000000732800000| Untracked 
| 370|0x0000000732a00000, 0x0000000732a00000, 0x0000000732c00000|  0%| F|  |TAMS 0x0000000732a00000, 0x0000000732a00000| Untracked 
| 371|0x0000000732c00000, 0x0000000732c00000, 0x0000000732e00000|  0%| F|  |TAMS 0x0000000732c00000, 0x0000000732c00000| Untracked 
| 372|0x0000000732e00000, 0x0000000732e00000, 0x0000000733000000|  0%| F|  |TAMS 0x0000000732e00000, 0x0000000732e00000| Untracked 
| 373|0x0000000733000000, 0x0000000733000000, 0x0000000733200000|  0%| F|  |TAMS 0x0000000733000000, 0x0000000733000000| Untracked 
| 374|0x0000000733200000, 0x0000000733200000, 0x0000000733400000|  0%| F|  |TAMS 0x0000000733200000, 0x0000000733200000| Untracked 
| 375|0x0000000733400000, 0x0000000733400000, 0x0000000733600000|  0%| F|  |TAMS 0x0000000733400000, 0x0000000733400000| Untracked 
| 376|0x0000000733600000, 0x0000000733600000, 0x0000000733800000|  0%| F|  |TAMS 0x0000000733600000, 0x0000000733600000| Untracked 
| 377|0x0000000733800000, 0x0000000733800000, 0x0000000733a00000|  0%| F|  |TAMS 0x0000000733800000, 0x0000000733800000| Untracked 

Card table byte_map: [0x00000296defd0000,0x00000296df7b0000] _byte_map_base: 0x00000296db7ad000

Marking Bits (Prev, Next): (CMBitMap*) 0x00000296c5b061c0, (CMBitMap*) 0x00000296c5b06180
 Prev Bits: [0x00000296e3e80000, 0x00000296e7d68000)
 Next Bits: [0x00000296dff90000, 0x00000296e3e78000)

Polling page: 0x00000296c5b70000

Metaspace:

Usage:
  Non-class:      7.46 MB used.
      Class:   1009.04 KB used.
       Both:      8.45 MB used.

Virtual space:
  Non-class space:        8.00 MB reserved,       7.56 MB ( 95%) committed,  1 nodes.
      Class space:        1.00 GB reserved,       1.06 MB ( <1%) committed,  1 nodes.
             Both:        1.01 GB reserved,       8.62 MB ( <1%) committed. 

Chunk freelists:
   Non-Class:  469.00 KB
       Class:  2.75 MB
        Both:  3.21 MB

MaxMetaspaceSize: unlimited
CompressedClassSpaceSize: 1.00 GB
Initial GC threshold: 21.00 MB
Current GC threshold: 21.00 MB
CDS: on
MetaspaceReclaimPolicy: balanced
 - commit_granule_bytes: 65536.
 - commit_granule_words: 8192.
 - virtual_space_node_default_size: 1048576.
 - enlarge_chunks_in_place: 1.
 - new_chunks_are_fully_committed: 0.
 - uncommit_free_chunks: 1.
 - use_allocation_guard: 0.
 - handle_deallocations: 1.


Internal statistics:

num_allocs_failed_limit: 0.
num_arena_births: 130.
num_arena_deaths: 0.
num_vsnodes_births: 2.
num_vsnodes_deaths: 0.
num_space_committed: 138.
num_space_uncommitted: 0.
num_chunks_returned_to_freelist: 0.
num_chunks_taken_from_freelist: 194.
num_chunk_merges: 0.
num_chunk_splits: 103.
num_chunks_enlarged: 28.
num_purges: 0.
num_inconsistent_stats: 0.

CodeHeap 'non-profiled nmethods': size=120000Kb used=313Kb max_used=313Kb free=119686Kb
 bounds [0x00000296d6860000, 0x00000296d6ad0000, 0x00000296ddd90000]
CodeHeap 'profiled nmethods': size=120000Kb used=1688Kb max_used=1688Kb free=118311Kb
 bounds [0x00000296cf330000, 0x00000296cf5a0000, 0x00000296d6860000]
CodeHeap 'non-nmethods': size=5760Kb used=1272Kb max_used=1300Kb free=4487Kb
 bounds [0x00000296ced90000, 0x00000296cf000000, 0x00000296cf330000]
 total_blobs=1605 nmethods=1005 adapters=513
 compilation: enabled
              stopped_count=0, restarted_count=0
 full_count=0

Compilation events (20 events):
Event: 157.913 Thread 0x00000296eb6ec320  984       4       Main::moveDown (9 bytes)
Event: 157.913 Thread 0x00000296eb6ec320 nmethod 984 0x00000296d68a9f10 code [0x00000296d68aa080, 0x00000296d68aa0f8]
Event: 157.914 Thread 0x00000296eb6ec320  997       4       Main::canMoveDown (30 bytes)
Event: 157.914 Thread 0x00000296ec513cc0 nmethod 995 0x00000296d68aa210 code [0x00000296d68aa3a0, 0x00000296d68aa5f8]
Event: 157.914 Thread 0x00000296ec513cc0  957       4       java.lang.AbstractStringBuilder::append (77 bytes)
Event: 157.915 Thread 0x00000296ea874460 nmethod 996 0x00000296d68aa790 code [0x00000296d68aa920, 0x00000296d68aab98]
Event: 157.916 Thread 0x00000296eb6ec320 nmethod 997 0x00000296d68aad10 code [0x00000296d68aaea0, 0x00000296d68ab0f8]
Event: 157.919 Thread 0x00000296ec513cc0 nmethod 957 0x00000296d68ab290 code [0x00000296d68ab420, 0x00000296d68ab9e8]
Event: 157.927 Thread 0x00000296ea875f10  998 % !   3       Main::main @ 465 (983 bytes)
Event: 157.937 Thread 0x00000296ea875f10 nmethod 998% 0x00000296cf4be210 code [0x00000296cf4bef80, 0x00000296cf4c66e8]
Event: 157.938 Thread 0x00000296ea875f10  999   !   3       Main::main (983 bytes)
Event: 157.955 Thread 0x00000296ea875f10 nmethod 999 0x00000296cf4c9390 code [0x00000296cf4ca180, 0x00000296cf4d1d88]
Event: 157.955 Thread 0x00000296ea875f10 1001       3       java.lang.ref.Reference::enqueueFromPending (19 bytes)
Event: 157.955 Thread 0x00000296ea875f10 nmethod 1001 0x00000296cf4d4d90 code [0x00000296cf4d4f40, 0x00000296cf4d5168]
Event: 157.955 Thread 0x00000296ea875f10 1002   !   3       java.lang.ref.ReferenceQueue::enqueue (119 bytes)
Event: 157.955 Thread 0x00000296ec513cc0 1004 % !   4       Main::main @ 465 (983 bytes)
Event: 157.956 Thread 0x00000296ea875f10 nmethod 1002 0x00000296cf4d5210 code [0x00000296cf4d5400, 0x00000296cf4d5b08]
Event: 157.957 Thread 0x00000296ea875f10 1005       3       java.util.HashSet::isEmpty (8 bytes)
Event: 157.958 Thread 0x00000296ea875f10 nmethod 1005 0x00000296cf4d5d10 code [0x00000296cf4d5ea0, 0x00000296cf4d60f8]
Event: 157.990 Thread 0x00000296ec513cc0 nmethod 1004% 0x00000296d68ac490 code [0x00000296d68ac6e0, 0x00000296d68addd8]

GC Heap History (20 events):
Event: 157.954 GC heap after
{Heap after GC invocations=1 (full 0):
 garbage-first heap   total 258048K, used 7712K [0x0000000704600000, 0x0000000800000000)
  region size 2048K, 2 young (4096K), 2 survivors (4096K)
 Metaspace       used 8647K, committed 8832K, reserved 1056768K
  class space    used 1009K, committed 1088K, reserved 1048576K
}
Event: 157.982 GC heap before
{Heap before GC invocations=1 (full 0):
 garbage-first heap   total 258048K, used 26144K [0x0000000704600000, 0x0000000800000000)
  region size 2048K, 11 young (22528K), 2 survivors (4096K)
 Metaspace       used 8649K, committed 8832K, reserved 1056768K
  class space    used 1009K, committed 1088K, reserved 1048576K
}
Event: 157.989 GC heap after
{Heap after GC invocations=2 (full 0):
 garbage-first heap   total 258048K, used 16621K [0x0000000704600000, 0x0000000800000000)
  region size 2048K, 2 young (4096K), 2 survivors (4096K)
 Metaspace       used 8649K, committed 8832K, reserved 1056768K
  class space    used 1009K, committed 1088K, reserved 1048576K
}
Event: 158.036 GC heap before
{Heap before GC invocations=2 (full 0):
 garbage-first heap   total 258048K, used 69869K [0x0000000704600000, 0x0000000800000000)
  region size 2048K, 21 young (43008K), 2 survivors (4096K)
 Metaspace       used 8649K, committed 8832K, reserved 1056768K
  class space    used 1009K, committed 1088K, reserved 1048576K
}
Event: 158.083 GC heap after
{Heap after GC invocations=3 (full 0):
 garbage-first heap   total 258048K, used 69612K [0x0000000704600000, 0x0000000800000000)
  region size 2048K, 3 young (6144K), 3 survivors (6144K)
 Metaspace       used 8649K, committed 8832K, reserved 1056768K
  class space    used 1009K, committed 1088K, reserved 1048576K
}
Event: 158.109 GC heap before
{Heap before GC invocations=3 (full 0):
 garbage-first heap   total 258048K, used 100332K [0x0000000704600000, 0x0000000800000000)
  region size 2048K, 14 young (28672K), 3 survivors (6144K)
 Metaspace       used 8649K, committed 8832K, reserved 1056768K
  class space    used 1009K, committed 1088K, reserved 1048576K
}
Event: 158.134 GC heap after
{Heap after GC invocations=4 (full 0):
 garbage-first heap   total 258048K, used 103347K [0x0000000704600000, 0x0000000800000000)
  region size 2048K, 2 young (4096K), 2 survivors (4096K)
 Metaspace       used 8649K, committed 8832K, reserved 1056768K
  class space    used 1009K, committed 1088K, reserved 1048576K
}
Event: 158.176 GC heap before
{Heap before GC invocations=4 (full 0):
 garbage-first heap   total 258048K, used 146355K [0x0000000704600000, 0x0000000800000000)
  region size 2048K, 17 young (34816K), 2 survivors (4096K)
 Metaspace       used 8649K, committed 8832K, reserved 1056768K
  class space    used 1009K, committed 1088K, reserved 1048576K
}
Event: 158.217 GC heap after
{Heap after GC invocations=5 (full 0):
 garbage-first heap   total 258048K, used 147456K [0x0000000704600000, 0x0000000800000000)
  region size 2048K, 3 young (6144K), 3 survivors (6144K)
 Metaspace       used 8649K, committed 8832K, reserved 1056768K
  class space    used 1009K, committed 1088K, reserved 1048576K
}
Event: 158.249 GC heap before
{Heap before GC invocations=5 (full 0):
 garbage-first heap   total 258048K, used 172032K [0x0000000704600000, 0x0000000800000000)
  region size 2048K, 15 young (30720K), 3 survivors (6144K)
 Metaspace       used 8649K, committed 8832K, reserved 1056768K
  class space    used 1009K, committed 1088K, reserved 1048576K
}
Event: 158.280 GC heap after
{Heap after GC invocations=6 (full 0):
 garbage-first heap   total 774144K, used 175008K [0x0000000704600000, 0x0000000800000000)
  region size 2048K, 2 young (4096K), 2 survivors (4096K)
 Metaspace       used 8649K, committed 8832K, reserved 1056768K
  class space    used 1009K, committed 1088K, reserved 1048576K
}
Event: 158.381 GC heap before
{Heap before GC invocations=6 (full 0):
 garbage-first heap   total 774144K, used 236448K [0x0000000704600000, 0x0000000800000000)
  region size 2048K, 24 young (49152K), 2 survivors (4096K)
 Metaspace       used 8649K, committed 8832K, reserved 1056768K
  class space    used 1009K, committed 1088K, reserved 1048576K
}
Event: 158.411 GC heap after
{Heap after GC invocations=7 (full 0):
 garbage-first heap   total 774144K, used 239585K [0x0000000704600000, 0x0000000800000000)
  region size 2048K, 3 young (6144K), 3 survivors (6144K)
 Metaspace       used 8649K, committed 8832K, reserved 1056768K
  class space    used 1009K, committed 1088K, reserved 1048576K
}
Event: 158.492 GC heap before
{Heap before GC invocations=7 (full 0):
 garbage-first heap   total 774144K, used 282593K [0x0000000704600000, 0x0000000800000000)
  region size 2048K, 24 young (49152K), 3 survivors (6144K)
 Metaspace       used 8649K, committed 8832K, reserved 1056768K
  class space    used 1009K, committed 1088K, reserved 1048576K
}
Event: 158.533 GC heap after
{Heap after GC invocations=8 (full 0):
 garbage-first heap   total 774144K, used 286720K [0x0000000704600000, 0x0000000800000000)
  region size 2048K, 3 young (6144K), 3 survivors (6144K)
 Metaspace       used 8649K, committed 8832K, reserved 1056768K
  class space    used 1009K, committed 1088K, reserved 1048576K
}
Event: 158.586 GC heap before
{Heap before GC invocations=8 (full 0):
 garbage-first heap   total 774144K, used 329728K [0x0000000704600000, 0x0000000800000000)
  region size 2048K, 24 young (49152K), 3 survivors (6144K)
 Metaspace       used 8649K, committed 8832K, reserved 1056768K
  class space    used 1009K, committed 1088K, reserved 1048576K
}
Event: 158.614 GC heap after
{Heap after GC invocations=9 (full 0):
 garbage-first heap   total 774144K, used 331776K [0x0000000704600000, 0x0000000800000000)
  region size 2048K, 3 young (6144K), 3 survivors (6144K)
 Metaspace       used 8649K, committed 8832K, reserved 1056768K
  class space    used 1009K, committed 1088K, reserved 1048576K
}
Event: 158.775 GC heap before
{Heap before GC invocations=10 (full 0):
 garbage-first heap   total 774144K, used 479232K [0x0000000704600000, 0x0000000800000000)
  region size 2048K, 57 young (116736K), 3 survivors (6144K)
 Metaspace       used 8649K, committed 8832K, reserved 1056768K
  class space    used 1009K, committed 1088K, reserved 1048576K
}
Event: 158.840 GC heap after
{Heap after GC invocations=11 (full 0):
 garbage-first heap   total 774144K, used 483328K [0x0000000704600000, 0x0000000800000000)
  region size 2048K, 8 young (16384K), 8 survivors (16384K)
 Metaspace       used 8649K, committed 8832K, reserved 1056768K
  class space    used 1009K, committed 1088K, reserved 1048576K
}
Event: 158.888 GC heap before
{Heap before GC invocations=11 (full 0):
 garbage-first heap   total 774144K, used 542720K [0x0000000704600000, 0x0000000800000000)
  region size 2048K, 37 young (75776K), 8 survivors (16384K)
 Metaspace       used 8649K, committed 8832K, reserved 1056768K
  class space    used 1009K, committed 1088K, reserved 1048576K
}

Dll operation events (9 events):
Event: 0.008 Loaded shared library D:\users\vit10020\AppData\Local\Programs\Eclipse Adoptium\jdk-17.0.5.8-hotspot\bin\java.dll
Event: 0.017 Loaded shared library D:\users\vit10020\AppData\Local\Programs\Eclipse Adoptium\jdk-17.0.5.8-hotspot\bin\jsvml.dll
Event: 0.070 Loaded shared library D:\users\vit10020\AppData\Local\Programs\Eclipse Adoptium\jdk-17.0.5.8-hotspot\bin\jimage.dll
Event: 0.103 Loaded shared library D:\users\vit10020\AppData\Local\Programs\Eclipse Adoptium\jdk-17.0.5.8-hotspot\bin\awt.dll
Event: 0.278 Loaded shared library D:\users\vit10020\AppData\Local\Programs\Eclipse Adoptium\jdk-17.0.5.8-hotspot\bin\zip.dll
Event: 0.301 Loaded shared library D:\users\vit10020\AppData\Local\Programs\Eclipse Adoptium\jdk-17.0.5.8-hotspot\bin\freetype.dll
Event: 0.302 Loaded shared library D:\users\vit10020\AppData\Local\Programs\Eclipse Adoptium\jdk-17.0.5.8-hotspot\bin\fontmanager.dll
Event: 0.339 Loaded shared library D:\users\vit10020\AppData\Local\Programs\Eclipse Adoptium\jdk-17.0.5.8-hotspot\bin\net.dll
Event: 0.341 Loaded shared library D:\users\vit10020\AppData\Local\Programs\Eclipse Adoptium\jdk-17.0.5.8-hotspot\bin\nio.dll

Deoptimization events (20 events):
Event: 156.172 Thread 0x00000296ea871d90 DEOPT PACKING pc=0x00000296cf345051 sp=0x00000098141fc700
Event: 156.172 Thread 0x00000296ea871d90 DEOPT UNPACKING pc=0x00000296cede2b43 sp=0x00000098141fbb78 mode 0
Event: 156.266 Thread 0x00000296ea871d90 Uncommon trap: trap_request=0xffffffde fr.pc=0x00000296d687ce34 relative=0x00000000000001b4
Event: 156.266 Thread 0x00000296ea871d90 Uncommon trap: reason=class_check action=maybe_recompile pc=0x00000296d687ce34 method=java.lang.String.equals(Ljava/lang/Object;)Z @ 8 c2
Event: 156.266 Thread 0x00000296ea871d90 DEOPT PACKING pc=0x00000296d687ce34 sp=0x00000098141fdb70
Event: 156.266 Thread 0x00000296ea871d90 DEOPT UNPACKING pc=0x00000296cede23a3 sp=0x00000098141fdb18 mode 2
Event: 156.266 Thread 0x00000296ea871d90 Uncommon trap: trap_request=0xffffffde fr.pc=0x00000296d687ce34 relative=0x00000000000001b4
Event: 156.266 Thread 0x00000296ea871d90 Uncommon trap: reason=class_check action=maybe_recompile pc=0x00000296d687ce34 method=java.lang.String.equals(Ljava/lang/Object;)Z @ 8 c2
Event: 156.266 Thread 0x00000296ea871d90 DEOPT PACKING pc=0x00000296d687ce34 sp=0x00000098141fdb70
Event: 156.266 Thread 0x00000296ea871d90 DEOPT UNPACKING pc=0x00000296cede23a3 sp=0x00000098141fdb18 mode 2
Event: 157.850 Thread 0x00000296ea871d90 Uncommon trap: trap_request=0xffffffde fr.pc=0x00000296d687ce34 relative=0x00000000000001b4
Event: 157.850 Thread 0x00000296ea871d90 Uncommon trap: reason=class_check action=maybe_recompile pc=0x00000296d687ce34 method=java.lang.String.equals(Ljava/lang/Object;)Z @ 8 c2
Event: 157.850 Thread 0x00000296ea871d90 DEOPT PACKING pc=0x00000296d687ce34 sp=0x00000098141fde50
Event: 157.850 Thread 0x00000296ea871d90 DEOPT UNPACKING pc=0x00000296cede23a3 sp=0x00000098141fdde8 mode 2
Event: 157.850 Thread 0x00000296ea871d90 Uncommon trap: trap_request=0xffffffde fr.pc=0x00000296d687ce34 relative=0x00000000000001b4
Event: 157.850 Thread 0x00000296ea871d90 Uncommon trap: reason=class_check action=maybe_recompile pc=0x00000296d687ce34 method=java.lang.String.equals(Ljava/lang/Object;)Z @ 8 c2
Event: 157.850 Thread 0x00000296ea871d90 DEOPT PACKING pc=0x00000296d687ce34 sp=0x00000098141fddb0
Event: 157.850 Thread 0x00000296ea871d90 DEOPT UNPACKING pc=0x00000296cede23a3 sp=0x00000098141fdd58 mode 2
Event: 157.992 Thread 0x00000296c5a969a0 DEOPT PACKING pc=0x00000296cf4c5623 sp=0x0000009812aff490
Event: 157.992 Thread 0x00000296c5a969a0 DEOPT UNPACKING pc=0x00000296cede2b43 sp=0x0000009812afeac0 mode 0

Classes unloaded (0 events):
No events

Classes redefined (0 events):
No events

Internal exceptions (15 events):
Event: 0.087 Thread 0x00000296c5a969a0 Exception <a 'java/lang/ClassNotFoundException'{0x000000071419bf28}: sun/awt/resources/spi/awtProvider> (0x000000071419bf28) 
thrown [s\src\hotspot\share\classfile\systemDictionary.cpp, line 256]
Event: 0.131 Thread 0x00000296c5a969a0 Exception <a 'java/io/FileNotFoundException'{0x00000007141f51f8}> (0x00000007141f51f8) 
thrown [s\src\hotspot\share\prims\jni.cpp, line 516]
Event: 0.143 Thread 0x00000296c5a969a0 Exception <a 'java/io/FileNotFoundException'{0x0000000713e22920}> (0x0000000713e22920) 
thrown [s\src\hotspot\share\prims\jni.cpp, line 516]
Event: 0.183 Thread 0x00000296c5a969a0 Exception <a 'java/lang/NoSuchMethodError'{0x0000000713e6fa80}: 'java.lang.Object java.lang.invoke.DirectMethodHandle$Holder.invokeStaticInit(java.lang.Object)'> (0x0000000713e6fa80) 
thrown [s\src\hotspot\share\interpreter\linkResolver.cpp, line 759]
Event: 0.208 Thread 0x00000296c5a969a0 Exception <a 'java/lang/NoSuchMethodError'{0x0000000713e9d378}: 'void java.lang.invoke.DirectMethodHandle$Holder.invokeSpecial(java.lang.Object, java.lang.Object, java.lang.Object)'> (0x0000000713e9d378) 
thrown [s\src\hotspot\share\interpreter\linkResolver.cpp, line 759]
Event: 0.220 Thread 0x00000296c5a969a0 Exception <a 'java/lang/NoSuchMethodError'{0x0000000713ec7398}: 'java.lang.Object java.lang.invoke.DirectMethodHandle$Holder.newInvokeSpecial(java.lang.Object, java.lang.Object, java.lang.Object, java.lang.Object, java.lang.Object)'> (0x0000000713ec7398) 
thrown [s\src\hotspot\share\interpreter\linkResolver.cpp, line 759]
Event: 0.221 Thread 0x00000296c5a969a0 Exception <a 'java/lang/NoSuchMethodError'{0x0000000713ed2d60}: 'java.lang.Object java.lang.invoke.DirectMethodHandle$Holder.invokeStatic(java.lang.Object, int, java.lang.Object, java.lang.Object, java.lang.Object, java.lang.Object)'> (0x0000000713ed2d60) 
thrown [s\src\hotspot\share\interpreter\linkResolver.cpp, line 759]
Event: 0.228 Thread 0x00000296c5a969a0 Exception <a 'java/lang/NoSuchMethodError'{0x0000000713f691c0}: 'java.lang.Object java.lang.invoke.DirectMethodHandle$Holder.invokeStatic(java.lang.Object, int, java.lang.Object)'> (0x0000000713f691c0) 
thrown [s\src\hotspot\share\interpreter\linkResolver.cpp, line 759]
Event: 0.262 Thread 0x00000296c5a969a0 Exception <a 'java/lang/ClassNotFoundException'{0x0000000713c239e8}: com/sun/swing/internal/plaf/metal/resources/spi/metalProvider> (0x0000000713c239e8) 
thrown [s\src\hotspot\share\classfile\systemDictionary.cpp, line 256]
Event: 0.263 Thread 0x00000296c5a969a0 Exception <a 'java/lang/ClassNotFoundException'{0x0000000713c281d8}: com/sun/swing/internal/plaf/basic/resources/spi/basicProvider> (0x0000000713c281d8) 
thrown [s\src\hotspot\share\classfile\systemDictionary.cpp, line 256]
Event: 0.280 Thread 0x00000296ea870a50 Exception <a 'java/lang/NoSuchMethodError'{0x0000000713c7e290}: 'java.lang.Object java.lang.invoke.DirectMethodHandle$Holder.newInvokeSpecial(java.lang.Object, java.lang.Object, java.lang.Object, int, int, int, int, int)'> (0x0000000713c7e290) 
thrown [s\src\hotspot\share\interpreter\linkResolver.cpp, line 759]
Event: 0.465 Thread 0x00000296ea8730d0 Exception <a 'java/lang/NoSuchMethodError'{0x0000000713ef1740}: 'void java.lang.invoke.DirectMethodHandle$Holder.invokeVirtual(java.lang.Object, java.lang.Object)'> (0x0000000713ef1740) 
thrown [s\src\hotspot\share\interpreter\linkResolver.cpp, line 759]
Event: 0.483 Thread 0x00000296c5a969a0 Exception <a 'java/lang/NoSuchMethodError'{0x0000000713de1a88}: 'void java.lang.invoke.DirectMethodHandle$Holder.invokeStaticInit(java.lang.Object)'> (0x0000000713de1a88) 
thrown [s\src\hotspot\share\interpreter\linkResolver.cpp, line 759]
Event: 0.549 Thread 0x00000296c5a969a0 Exception <a 'java/lang/NoSuchMethodError'{0x0000000713a27ff0}: 'int java.lang.invoke.DirectMethodHandle$Holder.invokeStatic(java.lang.Object)'> (0x0000000713a27ff0) 
thrown [s\src\hotspot\share\interpreter\linkResolver.cpp, line 759]
Event: 156.237 Thread 0x00000296ea871d90 Exception <a 'java/lang/NoSuchMethodError'{0x00000007138a9108}: 'void java.lang.invoke.DirectMethodHandle$Holder.invokeSpecial(java.lang.Object, java.lang.Object, java.lang.Object, java.lang.Object, java.lang.Object)'> (0x00000007138a9108) 
thrown [s\src\hotspot\share\interpreter\linkResolver.cpp, line 759]

VM Operations (20 events):
Event: 158.083 Executing VM operation: G1CollectForAllocation done
Event: 158.109 Executing VM operation: G1CollectForAllocation
Event: 158.134 Executing VM operation: G1CollectForAllocation done
Event: 158.176 Executing VM operation: G1CollectForAllocation
Event: 158.217 Executing VM operation: G1CollectForAllocation done
Event: 158.249 Executing VM operation: G1CollectForAllocation
Event: 158.280 Executing VM operation: G1CollectForAllocation done
Event: 158.381 Executing VM operation: G1CollectForAllocation
Event: 158.411 Executing VM operation: G1CollectForAllocation done
Event: 158.434 Executing VM operation: G1Concurrent
Event: 158.448 Executing VM operation: G1Concurrent done
Event: 158.492 Executing VM operation: G1CollectForAllocation
Event: 158.533 Executing VM operation: G1CollectForAllocation done
Event: 158.585 Executing VM operation: G1CollectForAllocation
Event: 158.614 Executing VM operation: G1CollectForAllocation done
Event: 158.705 Executing VM operation: G1Concurrent
Event: 158.705 Executing VM operation: G1Concurrent done
Event: 158.775 Executing VM operation: G1CollectForAllocation
Event: 158.840 Executing VM operation: G1CollectForAllocation done
Event: 158.888 Executing VM operation: G1CollectForAllocation

Events (20 events):
Event: 156.840 loading class java/awt/Toolkit$SelectiveAWTEventListener
Event: 156.840 loading class java/awt/Toolkit$SelectiveAWTEventListener done
Event: 156.840 loading class java/awt/Toolkit$ToolkitEventMulticaster
Event: 156.840 loading class java/awt/Toolkit$ToolkitEventMulticaster done
Event: 156.840 loading class java/awt/event/MouseWheelEvent
Event: 156.840 loading class java/awt/event/MouseWheelEvent done
Event: 157.850 loading class java/awt/KeyboardFocusManager$2
Event: 157.850 loading class java/awt/KeyboardFocusManager$2 done
Event: 157.851 loading class sun/awt/SunToolkit$1
Event: 157.851 loading class sun/awt/SunToolkit$1 done
Event: 157.864 loading class java/awt/Window$1DisposeAction
Event: 157.865 loading class java/awt/Window$1DisposeAction done
Event: 157.865 loading class java/awt/EventQueue$1AWTInvocationLock
Event: 157.865 loading class java/awt/EventQueue$1AWTInvocationLock done
Event: 157.867 loading class javax/swing/Autoscroller
Event: 157.867 loading class javax/swing/Autoscroller done
Event: 157.867 loading class java/awt/LightweightDispatcher$2
Event: 157.867 loading class java/awt/LightweightDispatcher$2 done
Event: 157.883 Thread 0x00000296ec513cc0 Thread added: 0x00000296ec513cc0
Event: 157.883 Thread 0x00000296eb6ec320 Thread added: 0x00000296eb6ec320


Dynamic libraries:
0x00007ff719890000 - 0x00007ff71989e000 	D:\users\vit10020\AppData\Local\Programs\Eclipse Adoptium\jdk-17.0.5.8-hotspot\bin\javaw.exe
0x00007ffa3ec10000 - 0x00007ffa3ee06000 	C:\windows\SYSTEM32\ntdll.dll
0x00007ffa3dbc0000 - 0x00007ffa3dc7d000 	C:\windows\System32\KERNEL32.DLL
0x00007ffa3c320000 - 0x00007ffa3c5e9000 	C:\windows\System32\KERNELBASE.dll
0x00007ffa3cb10000 - 0x00007ffa3cc10000 	C:\windows\System32\ucrtbase.dll
0x00007ff9f0380000 - 0x00007ff9f0399000 	D:\users\vit10020\AppData\Local\Programs\Eclipse Adoptium\jdk-17.0.5.8-hotspot\bin\VCRUNTIME140.dll
0x00007ff9f1150000 - 0x00007ff9f1167000 	D:\users\vit10020\AppData\Local\Programs\Eclipse Adoptium\jdk-17.0.5.8-hotspot\bin\jli.dll
0x00007ffa3e8f0000 - 0x00007ffa3ea90000 	C:\windows\System32\USER32.dll
0x00007ffa3cc10000 - 0x00007ffa3cc32000 	C:\windows\System32\win32u.dll
0x00007ffa24180000 - 0x00007ffa2441b000 	C:\windows\WinSxS\amd64_microsoft.windows.common-controls_6595b64144ccf1df_6.0.19041.746_none_ca02b4b61b8320a4\COMCTL32.dll
0x00007ffa3d440000 - 0x00007ffa3d46a000 	C:\windows\System32\GDI32.dll
0x00007ffa3e5c0000 - 0x00007ffa3e65e000 	C:\windows\System32\msvcrt.dll
0x00007ffa3c820000 - 0x00007ffa3c92b000 	C:\windows\System32\gdi32full.dll
0x00007ffa3c780000 - 0x00007ffa3c81d000 	C:\windows\System32\msvcp_win.dll
0x00007ffa3d2c0000 - 0x00007ffa3d2f0000 	C:\windows\System32\IMM32.DLL
0x00007ff9f8210000 - 0x00007ff9f821c000 	D:\users\vit10020\AppData\Local\Programs\Eclipse Adoptium\jdk-17.0.5.8-hotspot\bin\vcruntime140_1.dll
0x00007ff9eeed0000 - 0x00007ff9eef61000 	D:\users\vit10020\AppData\Local\Programs\Eclipse Adoptium\jdk-17.0.5.8-hotspot\bin\msvcp140.dll
0x00007ff9ddaf0000 - 0x00007ff9de734000 	D:\users\vit10020\AppData\Local\Programs\Eclipse Adoptium\jdk-17.0.5.8-hotspot\bin\server\jvm.dll
0x00007ffa3e230000 - 0x00007ffa3e2dc000 	C:\windows\System32\ADVAPI32.dll
0x00007ffa3e7f0000 - 0x00007ffa3e88c000 	C:\windows\System32\sechost.dll
0x00007ffa3e490000 - 0x00007ffa3e5bb000 	C:\windows\System32\RPCRT4.dll
0x00007ffa35060000 - 0x00007ffa3506a000 	C:\windows\SYSTEM32\VERSION.dll
0x00007ffa22b30000 - 0x00007ffa22b39000 	C:\windows\SYSTEM32\WSOCK32.dll
0x00007ffa25fb0000 - 0x00007ffa25fd7000 	C:\windows\SYSTEM32\WINMM.dll
0x00007ffa3eb30000 - 0x00007ffa3eb9b000 	C:\windows\System32\WS2_32.dll
0x00007ffa3aaf0000 - 0x00007ffa3ab02000 	C:\windows\SYSTEM32\kernel.appcore.dll
0x00007ffa2a700000 - 0x00007ffa2a70a000 	D:\users\vit10020\AppData\Local\Programs\Eclipse Adoptium\jdk-17.0.5.8-hotspot\bin\jimage.dll
0x00007ffa39f30000 - 0x00007ffa3a114000 	C:\windows\SYSTEM32\DBGHELP.DLL
0x00007ffa22300000 - 0x00007ffa2232c000 	C:\windows\SYSTEM32\dbgcore.DLL
0x00007ffa3c930000 - 0x00007ffa3c9b0000 	C:\windows\System32\bcryptPrimitives.dll
0x00007ff9f1490000 - 0x00007ff9f14b5000 	D:\users\vit10020\AppData\Local\Programs\Eclipse Adoptium\jdk-17.0.5.8-hotspot\bin\java.dll
0x00007ff9e9e00000 - 0x00007ff9e9ed6000 	D:\users\vit10020\AppData\Local\Programs\Eclipse Adoptium\jdk-17.0.5.8-hotspot\bin\jsvml.dll
0x00007ffa3d470000 - 0x00007ffa3dbb2000 	C:\windows\System32\SHELL32.dll
0x00007ffa3a350000 - 0x00007ffa3aae0000 	C:\windows\SYSTEM32\windows.storage.dll
0x00007ffa3dd50000 - 0x00007ffa3e0a6000 	C:\windows\System32\combase.dll
0x00007ffa3bd80000 - 0x00007ffa3bdac000 	C:\windows\SYSTEM32\Wldp.dll
0x00007ffa3e660000 - 0x00007ffa3e70e000 	C:\windows\System32\SHCORE.dll
0x00007ffa3e890000 - 0x00007ffa3e8e5000 	C:\windows\System32\shlwapi.dll
0x00007ffa3c250000 - 0x00007ffa3c276000 	C:\windows\SYSTEM32\profapi.dll
0x00007ff9e8e10000 - 0x00007ff9e8f9e000 	D:\users\vit10020\AppData\Local\Programs\Eclipse Adoptium\jdk-17.0.5.8-hotspot\bin\awt.dll
0x00007ffa3dc80000 - 0x00007ffa3dd4d000 	C:\windows\System32\OLEAUT32.dll
0x00007ffa34c00000 - 0x00007ffa34c90000 	C:\windows\SYSTEM32\apphelp.dll
0x00007ffa39740000 - 0x00007ffa397de000 	C:\windows\system32\uxtheme.dll
0x00007ffa3e110000 - 0x00007ffa3e225000 	C:\windows\System32\MSCTF.dll
0x00007ffa3d300000 - 0x00007ffa3d42a000 	C:\windows\System32\ole32.dll
0x00007ffa398a0000 - 0x00007ffa398cf000 	C:\windows\system32\DWMAPI.DLL
0x00007ff9f1170000 - 0x00007ff9f1188000 	D:\users\vit10020\AppData\Local\Programs\Eclipse Adoptium\jdk-17.0.5.8-hotspot\bin\zip.dll
0x00007ff9e8d80000 - 0x00007ff9e8e06000 	D:\users\vit10020\AppData\Local\Programs\Eclipse Adoptium\jdk-17.0.5.8-hotspot\bin\freetype.dll
0x00007ff9e8cb0000 - 0x00007ff9e8d75000 	D:\users\vit10020\AppData\Local\Programs\Eclipse Adoptium\jdk-17.0.5.8-hotspot\bin\fontmanager.dll
0x00007ffa090f0000 - 0x00007ffa09215000 	C:\windows\system32\opengl32.dll
0x00007ffa1f3e0000 - 0x00007ffa1f40c000 	C:\windows\SYSTEM32\GLU32.dll
0x00007ffa11ab0000 - 0x00007ffa11ac9000 	D:\users\vit10020\AppData\Local\Programs\Eclipse Adoptium\jdk-17.0.5.8-hotspot\bin\net.dll
0x00007ffa3b3c0000 - 0x00007ffa3b4c0000 	C:\windows\SYSTEM32\WINHTTP.dll
0x00007ffa3bb00000 - 0x00007ffa3bb6a000 	C:\windows\system32\mswsock.dll
0x00007ffa05a10000 - 0x00007ffa05a25000 	D:\users\vit10020\AppData\Local\Programs\Eclipse Adoptium\jdk-17.0.5.8-hotspot\bin\nio.dll
0x00007ffa3d110000 - 0x00007ffa3d1b9000 	C:\windows\System32\clbcatq.dll
0x00007ffa1d7e0000 - 0x00007ffa1d994000 	C:\windows\SYSTEM32\WindowsCodecs.dll
0x00007ffa3c700000 - 0x00007ffa3c727000 	C:\windows\System32\bcrypt.dll
0x00007ffa06b50000 - 0x00007ffa06b8e000 	C:\windows\system32\dataexchange.dll
0x00007ffa1e930000 - 0x00007ffa1eb17000 	C:\windows\system32\dcomp.dll
0x00007ffa37910000 - 0x00007ffa37b74000 	C:\windows\system32\d3d11.dll
0x00007ffa3ac60000 - 0x00007ffa3ad53000 	C:\windows\system32\dxgi.dll
0x00007ffa351f0000 - 0x00007ffa353f1000 	C:\windows\system32\twinapi.appcore.dll
0x00007ffa12610000 - 0x00007ffa1270b000 	C:\windows\SYSTEM32\textinputframework.dll
0x00007ffa364c0000 - 0x00007ffa365b2000 	C:\windows\System32\CoreMessaging.dll
0x00007ffa1eb20000 - 0x00007ffa1ee7e000 	C:\windows\System32\CoreUIComponents.dll
0x00007ffa3b020000 - 0x00007ffa3b053000 	C:\windows\SYSTEM32\ntmarta.dll
0x00007ffa38950000 - 0x00007ffa38aa4000 	C:\windows\SYSTEM32\wintypes.dll

dbghelp: loaded successfully - version: 4.0.5 - missing functions: none
symbol engine: initialized successfully - sym options: 0x614 - pdb path: .;D:\users\vit10020\AppData\Local\Programs\Eclipse Adoptium\jdk-17.0.5.8-hotspot\bin;C:\windows\SYSTEM32;C:\windows\WinSxS\amd64_microsoft.windows.common-controls_6595b64144ccf1df_6.0.19041.746_none_ca02b4b61b8320a4;D:\users\vit10020\AppData\Local\Programs\Eclipse Adoptium\jdk-17.0.5.8-hotspot\bin\server

VM Arguments:
jvm_args: -Dfile.encoding=UTF-8 -XX:+ShowCodeDetailsInExceptionMessages 
java_command: Main
java_class_path (initial): D:\ArquivosPessoais\Projects\projeto-atos-capital\PROVA VAGA 1\Avaliao tcnica - Atos Capital\template-solution-java\Template-Java\bin
Launcher Type: SUN_STANDARD

[Global flags]
     intx CICompilerCount                          = 4                                         {product} {ergonomic}
     uint ConcGCThreads                            = 2                                         {product} {ergonomic}
     uint G1ConcRefinementThreads                  = 8                                         {product} {ergonomic}
   size_t G1HeapRegionSize                         = 2097152                                   {product} {ergonomic}
    uintx GCDrainStackTargetSize                   = 64                                        {product} {ergonomic}
   size_t InitialHeapSize                          = 264241152                                 {product} {ergonomic}
   size_t MarkStackSize                            = 4194304                                   {product} {ergonomic}
   size_t MaxHeapSize                              = 4221566976                                {product} {ergonomic}
   size_t MaxNewSize                               = 2531262464                                {product} {ergonomic}
   size_t MinHeapDeltaBytes                        = 2097152                                   {product} {ergonomic}
   size_t MinHeapSize                              = 8388608                                   {product} {ergonomic}
    uintx NonNMethodCodeHeapSize                   = 5839372                                {pd product} {ergonomic}
    uintx NonProfiledCodeHeapSize                  = 122909434                              {pd product} {ergonomic}
    uintx ProfiledCodeHeapSize                     = 122909434                              {pd product} {ergonomic}
    uintx ReservedCodeCacheSize                    = 251658240                              {pd product} {ergonomic}
     bool SegmentedCodeCache                       = true                                      {product} {ergonomic}
     bool ShowCodeDetailsInExceptionMessages       = true                                   {manageable} {command line}
   size_t SoftMaxHeapSize                          = 4221566976                             {manageable} {ergonomic}
     bool UseCompressedClassPointers               = true                           {product lp64_product} {ergonomic}
     bool UseCompressedOops                        = true                           {product lp64_product} {ergonomic}
     bool UseG1GC                                  = true                                      {product} {ergonomic}
     bool UseLargePagesIndividualAllocation        = false                                  {pd product} {ergonomic}

Logging:
Log output configuration:
 #0: stdout all=warning uptime,level,tags
 #1: stderr all=off uptime,level,tags

Environment Variables:
JAVA_HOME=d:\users\vit10020\AppData\Local\Programs\Eclipse Adoptium\jdk-17.0.5.8-hotspot\
PATH=d:/users/vit10020/AppData/Local/Programs/Eclipse Adoptium/jdk-17.0.5.8-hotspot/bin/server;d:/users/vit10020/AppData/Local/Programs/Eclipse Adoptium/jdk-17.0.5.8-hotspot/bin;C:\Program Files (x86)\Common Files\Oracle\Java\javapath;C:\ProgramData\Oracle\Java\javapath;C:\windows\system32;C:\windows;C:\windows\System32\Wbem;C:\windows\System32\WindowsPowerShell\v1.0\;C:\windows\System32\OpenSSH\;d:\users\vit10020\AppData\Local\Programs\Eclipse Adoptium\jdk-17.0.5.8-hotspot\bin;d:\users\vit10020\AppData\Local\Microsoft\WindowsApps;d:\users\vit10020\AppData\Local\Programs\Git\cmd;d:\users\vit10020\AppData\Local\Programs\Microsoft VS Code\bin;D:\users\vit10020\eclipse\java-2023-03\eclipse;
USERNAME=vit10020
OS=Windows_NT
PROCESSOR_IDENTIFIER=Intel64 Family 6 Model 142 Stepping 12, GenuineIntel
TMP=d:\users\vit10020\AppData\Local\Temp
TEMP=d:\users\vit10020\AppData\Local\Temp



---------------  S Y S T E M  ---------------

OS:
 Windows 10 , 64 bit Build 19041 (10.0.19041.804)
OS uptime: 6 days 5:29 hours

CPU: total 8 (initial active 8) (4 cores per cpu, 2 threads per core) family 6 model 142 stepping 12 microcode 0xde, cx8, cmov, fxsr, ht, mmx, 3dnowpref, sse, sse2, sse3, ssse3, sse4.1, sse4.2, popcnt, lzcnt, tsc, tscinvbit, avx, avx2, aes, erms, clmul, bmi1, bmi2, adx, fma, vzeroupper, clflush, clflushopt

Memory: 4k page, system-wide physical 16102M (3213M free)
TotalPageFile size 25770M (AvailPageFile size 674M)
current process WorkingSet (physical memory assigned to process): 705M, peak: 705M
current process commit charge ("private bytes"): 882M, peak: 2190M

vm_info: OpenJDK 64-Bit Server VM (17.0.5+8) for windows-amd64 JRE (17.0.5+8), built on Oct 19 2022 04:48:13 by "temurin" with MS VC++ 16.7 (VS2019)

END.
